This is LuaHBTeX, Version 1.12.0 (MiKTeX 20.12) (format=lualatex 2021.1.13)  13 JAN 2021 13:29
 restricted system commands enabled.
**main1.tex
(./main1.tex
LaTeX2e <2020-10-01> patch level 4
Lua module: luaotfload 2020-12-31 3.16 Lua based OpenType font support
Lua module: lualibs 2020-12-30 2.73 ConTeXt Lua standard libraries.
Lua module: lualibs-extended 2020-12-30 2.73 ConTeXt Lua libraries -- extended c
ollection.
luaotfload | conf : Root cache directory is "C:/Users/renan/AppData/Local/MiKTeX
/luatex-cache/generic/names".
luaotfload | init : Loading fontloader "fontloader-2020-12-30.lua" from kpse-res
olved path "C:/Program Files/MiKTeX/tex/luatex/luaotfload/fontloader-2020-12-30.
lua".
Lua-only attribute luaotfload@noligature = 1
Lua-only attribute luaotfload@syllabe = 2
luaotfload | init : Context OpenType loader version 0x1.8e5604189374cp+1
Inserting `luaotfload.node_processor' at position 1 in `pre_linebreak_filter'.
Inserting `luaotfload.node_processor' at position 1 in `hpack_filter'.
Inserting `luaotfload.glyph_stream' at position 1 in `glyph_stream_provider'.
Inserting `luaotfload.define_font' at position 1 in `define_font'.
Lua-only attribute luaotfload_color_attribute = 3
luaotfload | conf : Root cache directory is "C:/Users/renan/AppData/Local/MiKTeX
/luatex-cache/generic/names".
Inserting `luaotfload.harf.strip_prefix' at position 1 in `find_opentype_file'.
Inserting `luaotfload.harf.strip_prefix' at position 1 in `find_truetype_file'.
Inserting `luaotfload.harf.finalize_vlist' at position 1 in `post_linebreak_filt
er'.
Inserting `luaotfload.harf.finalize_hlist' at position 2 in `hpack_filter'.
Inserting `luaotfload.cleanup_files' at position 1 in `wrapup_run'.
Inserting `luaotfload.harf.finalize_unicode' at position 1 in `finish_pdffile'.
Inserting `luaotfload.glyphinfo' at position 1 in `glyph_info'.
Inserting `luaotfload.aux.set_sscale_dimens' at position 1 in `luaotfload.patch_
font'.
Inserting `luaotfload.aux.set_font_index' at position 2 in `luaotfload.patch_fon
t'.
Inserting `luaotfload.aux.patch_cambria_domh' at position 3 in `luaotfload.patch
_font'.
Inserting `luaotfload.aux.fixup_fontdata' at position 1 in `luaotfload.patch_fon
t_unsafe'.
Inserting `luaotfload.aux.set_capheight' at position 4 in `luaotfload.patch_font
'.
Inserting `luaotfload.aux.set_xheight' at position 5 in `luaotfload.patch_font'.
Inserting `luaotfload.rewrite_fontname' at position 6 in `luaotfload.patch_font'
. L3 programming layer <2021-01-09> xparse <2020-03-03>
("C:/Program Files/MiKTeX/tex/latex/base/article.cls"
Document Class: article 2020/04/10 v1.4m Standard LaTeX document class
("C:/Program Files/MiKTeX/tex/latex/base/size12.clo"
File: size12.clo 2020/04/10 v1.4m Standard LaTeX file (size option)
luaotfload | db : Font names database loaded from C:/Users/renan/AppData/Local/M
iKTeX/luatex-cache/generic/names/luaotfload-names.luc)
\c@part=\count173
\c@section=\count174
\c@subsection=\count175
\c@subsubsection=\count176
\c@paragraph=\count177
\c@subparagraph=\count178
\c@figure=\count179
\c@table=\count180
\abovecaptionskip=\skip47
\belowcaptionskip=\skip48
\bibindent=\dimen138
)
("C:/Program Files/MiKTeX/tex/latex/geometry/geometry.sty"
Package: geometry 2020/01/02 v5.9 Page Geometry

("C:/Program Files/MiKTeX/tex/latex/graphics/keyval.sty"
Package: keyval 2014/10/28 v1.15 key=value parser (DPC)
\KV@toks@=\toks15
)
("C:/Program Files/MiKTeX/tex/generic/iftex/ifvtex.sty"
Package: ifvtex 2019/10/25 v1.7 ifvtex legacy package. Use iftex instead.

("C:/Program Files/MiKTeX/tex/generic/iftex/iftex.sty"
Package: iftex 2020/03/06 v1.0d TeX engine tests
))
\Gm@cnth=\count181
\Gm@cntv=\count182
\c@Gm@tempcnt=\count183
\Gm@bindingoffset=\dimen139
\Gm@wd@mp=\dimen140
\Gm@odd@mp=\dimen141
\Gm@even@mp=\dimen142
\Gm@layoutwidth=\dimen143
\Gm@layoutheight=\dimen144
\Gm@layouthoffset=\dimen145
\Gm@layoutvoffset=\dimen146
\Gm@dimlist=\toks16

("C:/Program Files/MiKTeX/tex/latex/geometry/geometry.cfg"))
("C:/Program Files/MiKTeX/tex/latex/base/inputenc.sty"
Package: inputenc 2020/08/01 v1.3d Input encoding file
\inpenc@prehook=\toks17
\inpenc@posthook=\toks18


Package inputenc Warning: inputenc package ignored with utf8 based engines.

) ("C:/Program Files/MiKTeX/tex/latex/base/fontenc.sty"
Package: fontenc 2020/08/10 v2.0s Standard LaTeX package
LaTeX Font Info:    Trying to load font information for T1+lmr on input line 112
.

("C:/Program Files/MiKTeX/tex/latex/lm/t1lmr.fd"
File: t1lmr.fd 2009/10/30 v1.6 Font defs for Latin Modern
))
("C:/Program Files/MiKTeX/tex/generic/babel/babel.sty"
Package: babel 2020/12/16 3.52 The Babel package

("C:/Program Files/MiKTeX/tex/generic/babel/babel.def"
File: babel.def 2020/12/16 3.52 Babel common definitions

("C:/Program Files/MiKTeX/tex/generic/babel/luababel.def"
\bbl@readstream=\read2
\l@afrikaans=\language2
Package babel Info: Non-standard hyphenation setup on input line 117.
\l@ancientgreek=\language3
\l@armenian=\language4
\l@assamese=\language5
\l@basque=\language6
\l@belarusian=\language7
\l@bengali=\language8
\l@bokmal=\language9
\l@bulgarian=\language10
\l@catalan=\language11
\l@churchslavonic=\language12
\l@classiclatin=\language13
\l@coptic=\language14
\l@croatian=\language15
\l@czech=\language16
\l@danish=\language17
\l@dutch=\language18
\l@esperanto=\language19
\l@estonian=\language20
\l@ethiopic=\language21
\l@finnish=\language22
\l@french=\language23
\l@friulan=\language24
\l@galician=\language25
\l@georgian=\language26
\l@german=\language27
\l@greek=\language28
\l@gujarati=\language29
\l@hindi=\language30
\l@hungarian=\language31
\l@icelandic=\language32
\l@indonesian=\language33
\l@interlingua=\language34
\l@irish=\language35
\l@italian=\language36
\l@kannada=\language37
\l@kurmanji=\language38
\l@latin=\language39
\l@latvian=\language40
\l@lithuanian=\language41
\l@liturgicallatin=\language42
\l@macedonian=\language43
\l@malayalam=\language44
\l@marathi=\language45
\l@mongolian=\language46
\l@mongolianlmc=\language47
\l@monogreek=\language48
\l@ngerman=\language49
\l@nynorsk=\language50
\l@occitan=\language51
\l@oriya=\language52
\l@pali=\language53
\l@panjabi=\language54
\l@piedmontese=\language55
\l@polish=\language56
\l@portuguese=\language57
\l@romanian=\language58
\l@romansh=\language59
\l@russian=\language60
\l@sanskrit=\language61
\l@serbian=\language62
\l@serbianc=\language63
\l@slovak=\language64
\l@slovenian=\language65
\l@spanish=\language66
\l@swedish=\language67
\l@swissgerman=\language68
\l@tamil=\language69
\l@telugu=\language70
\l@thai=\language71
\l@turkish=\language72
\l@turkmen=\language73
\l@ukenglish=\language74
\l@ukrainian=\language75
\l@uppersorbian=\language76
\l@usenglishmax=\language77
\l@welsh=\language78
\babelcatcodetablenum=\catcodetable12
\bbl@pattcodes=\catcodetable13
)
\babel@savecnt=\count184
\U@D=\dimen147
\l@babelnohyphens=\language79

("C:/Program Files/MiKTeX/tex/generic/babel/luababel.def"
\bbl@attr@locale=\attribute4
))
*************************************
* Local config file bblopts.cfg used
*
("C:/Program Files/MiKTeX/tex/latex/arabi/bblopts.cfg"
File: bblopts.cfg 2005/09/08 v0.1 add Arabic and Farsi to "declared" options of 
babel
)
("C:/Program Files/MiKTeX/tex/latex/babel-portuges/brazilian.ldf"
Language: portuges 2020/05/04 v1.2r Portuguese support from the babel system
Package babel Info: \l@brazilian = using hyphenrules for portuguese
(babel)             (\language57) on input line 111.
Package babel Info: Making " an active character on input line 143.

("C:/Program Files/MiKTeX/tex/generic/hyph-utf8/loadhyph/loadhyph-pt.tex"
UTF-8 Portuguese hyphenation patterns
("C:/Program Files/MiKTeX/tex/generic/hyph-utf8/patterns/tex/hyph-pt.tex"))))
("C:/Program Files/MiKTeX/tex/latex/latex-tools/indentfirst.sty"
Package: indentfirst 1995/11/23 v1.03 Indent first paragraph (DPC)
)
("C:/Program Files/MiKTeX/tex/latex/amsmath/amsmath.sty"
Package: amsmath 2020/09/23 v2.17i AMS math features
\@mathmargin=\skip49

For additional information on amsmath, use the `?' option.
("C:/Program Files/MiKTeX/tex/latex/amsmath/amstext.sty"
Package: amstext 2000/06/29 v2.01 AMS text

("C:/Program Files/MiKTeX/tex/latex/amsmath/amsgen.sty"
File: amsgen.sty 1999/11/30 v2.0 generic functions
\@emptytoks=\toks19
\ex@=\dimen148
))
("C:/Program Files/MiKTeX/tex/latex/amsmath/amsbsy.sty"
Package: amsbsy 1999/11/29 v1.2d Bold Symbols
\pmbraise@=\dimen149
)
("C:/Program Files/MiKTeX/tex/latex/amsmath/amsopn.sty"
Package: amsopn 2016/03/08 v2.02 operator names
)
\inf@bad=\count185
LaTeX Info: Redefining \frac on input line 236.
\uproot@=\count186
\leftroot@=\count187
LaTeX Info: Redefining \overline on input line 399.
\classnum@=\count188
\DOTSCASE@=\count189
LaTeX Info: Redefining \ldots on input line 496.
LaTeX Info: Redefining \dots on input line 499.
LaTeX Info: Redefining \cdots on input line 620.
\Mathstrutbox@=\box47
\strutbox@=\box48
\big@size=\dimen150
LaTeX Font Info:    Redeclaring font encoding OML on input line 743.
LaTeX Font Info:    Redeclaring font encoding OMS on input line 744.
\macc@depth=\count190
\c@MaxMatrixCols=\count191
\dotsspace@=\muskip16
\c@parentequation=\count192
\dspbrk@lvl=\count193
\tag@help=\toks20
\row@=\count194
\column@=\count195
\maxfields@=\count196
\andhelp@=\toks21
\eqnshift@=\dimen151
\alignsep@=\dimen152
\tagshift@=\dimen153
\tagwidth@=\dimen154
\totwidth@=\dimen155
\lineht@=\dimen156
\@envbody=\toks22
\multlinegap=\skip50
\multlinetaggap=\skip51
\mathdisplay@stack=\toks23
LaTeX Info: Redefining \[ on input line 2923.
LaTeX Info: Redefining \] on input line 2924.
)
("C:/Program Files/MiKTeX/tex/latex/amsfonts/amsfonts.sty"
Package: amsfonts 2013/01/14 v3.01 Basic AMSFonts support
\symAMSa=\mathgroup4
\symAMSb=\mathgroup5
LaTeX Font Info:    Redeclaring math symbol \hbar on input line 98.
LaTeX Font Info:    Overwriting math alphabet `\mathfrak' in version `bold'
(Font)                  U/euf/m/n --> U/euf/b/n on input line 106.
)
("C:/Program Files/MiKTeX/tex/latex/amsfonts/amssymb.sty"
Package: amssymb 2013/01/14 v3.01 AMS font symbols
)
("C:/Program Files/MiKTeX/tex/latex/xcolor/xcolor.sty"
Package: xcolor 2016/05/11 v2.12 LaTeX color extensions (UK)

("C:/Program Files/MiKTeX/tex/latex/graphics-cfg/color.cfg"
File: color.cfg 2016/01/02 v1.6 sample color configuration
)
Package xcolor Info: Driver file: luatex.def on input line 225.

("C:/Program Files/MiKTeX/tex/latex/graphics-def/luatex.def"
File: luatex.def 2020/10/05 v1.2a Graphics/color driver for luatex
)
Package xcolor Info: Model `cmy' substituted by `cmy0' on input line 1348.
Package xcolor Info: Model `hsb' substituted by `rgb' on input line 1352.
Package xcolor Info: Model `RGB' extended on input line 1364.
Package xcolor Info: Model `HTML' substituted by `rgb' on input line 1366.
Package xcolor Info: Model `Hsb' substituted by `hsb' on input line 1367.
Package xcolor Info: Model `tHsb' substituted by `hsb' on input line 1368.
Package xcolor Info: Model `HSB' substituted by `hsb' on input line 1369.
Package xcolor Info: Model `Gray' substituted by `gray' on input line 1370.
Package xcolor Info: Model `wave' substituted by `hsb' on input line 1371.
)
("C:/Program Files/MiKTeX/tex/latex/float/float.sty"
Package: float 2001/11/08 v1.3d Float enhancements (AL)
\c@float@type=\count197
\float@exts=\toks24
\float@box=\box49
\@float@everytoks=\toks25
\@floatcapt=\box50
)
("C:/Program Files/MiKTeX/tex/latex/xwatermark/xwatermark.sty"
("C:/Program Files/MiKTeX/tex/latex/catoptions/catoptions.sty"
\m@one=\count198
\z@pt=\dimen157
Package: catoptions 2014/08/29 v0.2.7h Securing catcodes and parsing options (AM
)

("C:/Program Files/MiKTeX/tex/generic/pdftexcmds/pdftexcmds.sty"
Package: pdftexcmds 2020-06-27 v0.33 Utility functions of pdfTeX for LuaTeX (HO)


("C:/Program Files/MiKTeX/tex/generic/infwarerr/infwarerr.sty"
Package: infwarerr 2019/12/03 v1.5 Providing info/warning/error messages (HO)
)
("C:/Program Files/MiKTeX/tex/generic/ltxcmds/ltxcmds.sty"
Package: ltxcmds 2020-05-10 v1.25 LaTeX kernel commands for general use (HO)
)
Package pdftexcmds Info: \pdf@primitive is available.
Package pdftexcmds Info: \pdf@ifprimitive is available.
Package pdftexcmds Info: \pdfdraftmode found.
\pdftexcmds@toks=\toks26
)
\cpt@csvdepth=\count199
\cpt@optdepth=\count266
\cpt@cnta=\count267
\indrisdepth=\count268
\cpt@foreachdepth=\count269
\cpt@exprcnt=\count270
)
Package: xwatermark 2012/10/23 v1.5.2d A dynamic watermarking scheme (Ahmed Musa
)

("C:/Program Files/MiKTeX/tex/latex/base/fix-cm.sty"
Package: fix-cm 2015/01/14 v1.1t fixes to LaTeX

("C:/Program Files/MiKTeX/tex/latex/base/ts1enc.def"
File: ts1enc.def 2001/06/05 v3.0e (jk/car/fm) Standard LaTeX file
LaTeX Font Info:    Redeclaring font encoding TS1 on input line 47.
))
("C:/Program Files/MiKTeX/tex/latex/picture/picture.sty"
Package: picture 2020-04-22 v1.6 Dimens for picture macros (HO)
Package picture Info: Calculation method: etex.
)
("C:/Program Files/MiKTeX/tex/latex/graphics/graphicx.sty"
Package: graphicx 2020/09/09 v1.2b Enhanced LaTeX Graphics (DPC,SPQR)

("C:/Program Files/MiKTeX/tex/latex/graphics/graphics.sty"
Package: graphics 2020/08/30 v1.4c Standard LaTeX Graphics (DPC,SPQR)

("C:/Program Files/MiKTeX/tex/latex/graphics/trig.sty"
Package: trig 2016/01/03 v1.10 sin cos tan (DPC)
)
("C:/Program Files/MiKTeX/tex/latex/graphics-cfg/graphics.cfg"
File: graphics.cfg 2016/06/04 v1.11 sample graphics configuration
)
Package graphics Info: Driver file: luatex.def on input line 105.
)
\Gin@req@height=\dimen158
\Gin@req@width=\dimen159
)
("C:/Program Files/MiKTeX/tex/latex/base/atbegshi-ltx.sty"

LaTeX Warning: You have requested package `atbegshi',
               but the package provides `atbegshi-ltx'.

Package: atbegshi-ltx 2020/08/17 v1.0a Emulation of the original atbegshi packag
e
with kernel methods
) ("C:/Program Files/MiKTeX/tex/latex/fancyhdr/fancyhdr.sty"
Package: fancyhdr 2021/01/04 v4.0 Extensive control of page headers and footers
\f@nch@headwidth=\skip52
\f@nch@O@elh=\skip53
\f@nch@O@erh=\skip54
\f@nch@O@olh=\skip55
\f@nch@O@orh=\skip56
\f@nch@O@elf=\skip57
\f@nch@O@erf=\skip58
\f@nch@O@olf=\skip59
\f@nch@O@orf=\skip60
)
("C:/Program Files/MiKTeX/tex/latex/base/atveryend-ltx.sty"

LaTeX Warning: You have requested package `atveryend',
               but the package provides `atveryend-ltx'.

Package: atveryend-ltx 2020/08/19 v1.0a Emulation of the original atvery package

with kernel methods
) ("C:/Program Files/MiKTeX/tex/latex/ltxkeys/ltxkeys.sty"
Package: ltxkeys 2012/11/17 v0.0.3c A robust key-value parser (AM) (Ahmed Musa)
\ltxkeys@csvdepth=\count271
\ltxkeys@keydepth=\count272
)
("C:/Program Files/MiKTeX/tex/latex/framed/framed.sty"
Package: framed 2011/10/22 v 0.96: framed or shaded text with page breaks
\OuterFrameSep=\skip61
\fb@frw=\dimen160
\fb@frh=\dimen161
\FrameRule=\dimen162
\FrameSep=\dimen163
)
\xwm@boxa=\box51
\xwm@boxb=\box52
\xwm@cnta=\count273
\xwm@wrt=\write3
 (./main1.xwm)
\openout3 = main1.xwm
)
("C:/Program Files/MiKTeX/tex/latex/subfig/subfig.sty"
Package: subfig 2005/06/28 ver: 1.3 subfig package

("C:/Program Files/MiKTeX/tex/latex/caption/caption.sty"
Package: caption 2020/10/26 v3.5g Customizing captions (AR)

("C:/Program Files/MiKTeX/tex/latex/caption/caption3.sty"
Package: caption3 2020/10/21 v2.2e caption3 kernel (AR)
\captionmargin=\dimen164
\captionmargin@=\dimen165
\captionwidth=\dimen166
\caption@tempdima=\dimen167
\caption@indent=\dimen168
\caption@parindent=\dimen169
\caption@hangindent=\dimen170
Package caption Info: Standard document class detected.
)
\c@caption@flags=\count274
\c@continuedfloat=\count275
Package caption Info: float package is loaded.
)
\c@KVtest=\count276
\sf@farskip=\skip62
\sf@captopadj=\dimen171
\sf@capskip=\skip63
\sf@nearskip=\skip64
\c@subfigure=\count277
\c@subfigure@save=\count278
\c@lofdepth=\count279
\c@subtable=\count280
\c@subtable@save=\count281
\c@lotdepth=\count282
\sf@top=\skip65
\sf@bottom=\skip66
)
("C:/Program Files/MiKTeX/tex/latex/hyperref/hyperref.sty"
Package: hyperref 2020-05-15 v7.00e Hypertext links for LaTeX

("C:/Program Files/MiKTeX/tex/generic/kvsetkeys/kvsetkeys.sty"
Package: kvsetkeys 2019/12/15 v1.18 Key value parser (HO)
)
("C:/Program Files/MiKTeX/tex/generic/kvdefinekeys/kvdefinekeys.sty"
Package: kvdefinekeys 2019-12-19 v1.6 Define keys (HO)
)
("C:/Program Files/MiKTeX/tex/generic/pdfescape/pdfescape.sty"
Package: pdfescape 2019/12/09 v1.15 Implements pdfTeX's escape features (HO)
)
("C:/Program Files/MiKTeX/tex/latex/hycolor/hycolor.sty"
Package: hycolor 2020-01-27 v1.10 Color options for hyperref/bookmark (HO)
)
("C:/Program Files/MiKTeX/tex/latex/letltxmacro/letltxmacro.sty"
Package: letltxmacro 2019/12/03 v1.6 Let assignment for LaTeX macros (HO)
)
("C:/Program Files/MiKTeX/tex/latex/auxhook/auxhook.sty"
Package: auxhook 2019-12-17 v1.6 Hooks for auxiliary files (HO)
)
("C:/Program Files/MiKTeX/tex/latex/kvoptions/kvoptions.sty"
Package: kvoptions 2020-10-07 v3.14 Key value format for package options (HO)
)
\@linkdim=\dimen172
\Hy@linkcounter=\count283
\Hy@pagecounter=\count284

("C:/Program Files/MiKTeX/tex/latex/hyperref/pd1enc.def"
File: pd1enc.def 2020-05-15 v7.00e Hyperref: PDFDocEncoding definition (HO)
)
("C:/Program Files/MiKTeX/tex/generic/intcalc/intcalc.sty"
Package: intcalc 2019/12/15 v1.3 Expandable calculations with integers (HO)
)
("C:/Program Files/MiKTeX/tex/generic/etexcmds/etexcmds.sty"
Package: etexcmds 2019/12/15 v1.7 Avoid name clashes with e-TeX commands (HO)
)
\Hy@SavedSpaceFactor=\count285
Package hyperref Info: Hyper figures OFF on input line 4464.
Package hyperref Info: Link nesting OFF on input line 4469.
Package hyperref Info: Hyper index ON on input line 4472.
Package hyperref Info: Plain pages OFF on input line 4479.
Package hyperref Info: Backreferencing OFF on input line 4484.
Package hyperref Info: Implicit mode ON; LaTeX internals redefined.
Package hyperref Info: Bookmarks ON on input line 4717.
\c@Hy@tempcnt=\count286

("C:/Program Files/MiKTeX/tex/latex/url/url.sty"
\Urlmuskip=\muskip17
Package: url 2013/09/16  ver 3.4  Verb mode for urls, etc.
)
LaTeX Info: Redefining \url on input line 5076.
\XeTeXLinkMargin=\dimen173

("C:/Program Files/MiKTeX/tex/generic/bitset/bitset.sty"
Package: bitset 2019/12/09 v1.3 Handle bit-vector datatype (HO)

("C:/Program Files/MiKTeX/tex/generic/bigintcalc/bigintcalc.sty"
Package: bigintcalc 2019/12/15 v1.5 Expandable calculations on big integers (HO)

))
\Fld@menulength=\count287
\Field@Width=\dimen174
\Fld@charsize=\dimen175
Package hyperref Info: Hyper figures OFF on input line 6347.
Package hyperref Info: Link nesting OFF on input line 6352.
Package hyperref Info: Hyper index ON on input line 6355.
Package hyperref Info: backreferencing OFF on input line 6362.
Package hyperref Info: Link coloring OFF on input line 6367.
Package hyperref Info: Link coloring with OCG OFF on input line 6372.
Package hyperref Info: PDF/A mode OFF on input line 6377.
LaTeX Info: Redefining \ref on input line 6417.
LaTeX Info: Redefining \pageref on input line 6421.
\Hy@abspage=\count288
\c@Item=\count289
\c@Hfootnote=\count290
)
Package hyperref Info: Driver (autodetected): hluatex.

("C:/Program Files/MiKTeX/tex/latex/hyperref/hluatex.def"
File: hluatex.def 2020-05-15 v7.00e Hyperref driver for luaTeX

("C:/Program Files/MiKTeX/tex/latex/hyperref/puenc.def"
File: puenc.def 2020-05-15 v7.00e Hyperref: PDF Unicode definition (HO)
)
("C:/Program Files/MiKTeX/tex/generic/stringenc/stringenc.sty"
Package: stringenc 2019/11/29 v1.12 Convert strings between diff. encodings (HO)

)
\Fld@listcount=\count291
\c@bookmark@seq@number=\count292

("C:/Program Files/MiKTeX/tex/latex/rerunfilecheck/rerunfilecheck.sty"
Package: rerunfilecheck 2019/12/05 v1.9 Rerun checks for auxiliary files (HO)

("C:/Program Files/MiKTeX/tex/generic/uniquecounter/uniquecounter.sty"
Package: uniquecounter 2019/12/15 v1.4 Provide unlimited unique counter (HO)
)
Package uniquecounter Info: New unique counter `rerunfilecheck' on input line 28
6.
)
\Hy@SectionHShift=\skip67
)
("C:/Program Files/MiKTeX/tex/latex/cleveref/cleveref.sty"
Package: cleveref 2018/03/27 v0.21.4 Intelligent cross-referencing
Package cleveref Info: `hyperref' support loaded on input line 2370.
LaTeX Info: Redefining \cref on input line 2370.
LaTeX Info: Redefining \Cref on input line 2370.
LaTeX Info: Redefining \crefrange on input line 2370.
LaTeX Info: Redefining \Crefrange on input line 2370.
LaTeX Info: Redefining \cpageref on input line 2370.
LaTeX Info: Redefining \Cpageref on input line 2370.
LaTeX Info: Redefining \cpagerefrange on input line 2370.
LaTeX Info: Redefining \Cpagerefrange on input line 2370.
LaTeX Info: Redefining \labelcref on input line 2370.
LaTeX Info: Redefining \labelcpageref on input line 2370.
Package cleveref Info: `subfig' support loaded on input line 3164.
)
("C:/Program Files/MiKTeX/tex/latex/siunitx/siunitx.sty"
("C:/Program Files/MiKTeX/tex/latex/l3kernel/expl3.sty"
Package: expl3 2021-01-09 L3 programming layer (loader) 

("C:/Program Files/MiKTeX/tex/latex/l3backend/l3backend-luatex.def"
File: l3backend-luatex.def 2021-01-09 L3 backend support: PDF output (LuaTeX)
\l__kernel_color_stack_int=\count293
\l__pdf_internal_box=\box53
))
("C:/Program Files/MiKTeX/tex/latex/l3packages/xparse/xparse.sty"
Package: xparse 2020-10-27 L3 Experimental document command parser

("C:/Program Files/MiKTeX/tex/latex/l3packages/xparse/xparse-generic.tex"))
Package: siunitx 2020/02/25 v2.8b A comprehensive (SI) units package

("C:/Program Files/MiKTeX/tex/latex/latex-tools/array.sty"
Package: array 2020/10/01 v2.5c Tabular extension package (FMi)
\col@sep=\dimen176
\ar@mcellbox=\box54
\extrarowheight=\dimen177
\NC@list=\toks27
\extratabsurround=\skip68
\backup@length=\skip69
\ar@cellbox=\box55
)
("C:/Program Files/MiKTeX/tex/latex/l3packages/l3keys2e/l3keys2e.sty"
Package: l3keys2e 2020-10-27 LaTeX2e option processing using LaTeX3 keys
)
\l__siunitx_tmp_box=\box56
\l__siunitx_tmp_dim=\dimen178
\l__siunitx_tmp_int=\count294
\l__siunitx_number_mantissa_length_int=\count295
\l__siunitx_number_uncert_length_int=\count296
\l__siunitx_round_int=\count297
\l__siunitx_process_decimal_int=\count298
\l__siunitx_process_uncertainty_int=\count299
\l__siunitx_process_fixed_int=\count300
\l__siunitx_process_integer_min_int=\count301
\l__siunitx_process_precision_int=\count302
\l__siunitx_group_min_int=\count303
\l__siunitx_angle_marker_box=\box57
\l__siunitx_angle_unit_box=\box58
\l__siunitx_angle_marker_dim=\dimen179
\l__siunitx_angle_unit_dim=\dimen180
\l__siunitx_unit_int=\count304
\l__siunitx_unit_denominator_int=\count305
\l__siunitx_unit_numerator_int=\count306
\l__siunitx_unit_prefix_int=\count307
\l__siunitx_unit_prefix_base_int=\count308
\l__siunitx_unit_prefix_gram_int=\count309
\l__siunitx_number_product_int=\count310
\c__siunitx_one_fill_skip=\skip70
\l__siunitx_table_unit_align_skip=\skip71
\l__siunitx_table_exponent_dim=\dimen181
\l__siunitx_table_integer_dim=\dimen182
\l__siunitx_table_mantissa_dim=\dimen183
\l__siunitx_table_marker_dim=\dimen184
\l__siunitx_table_result_dim=\dimen185
\l__siunitx_table_uncert_dim=\dimen186
\l__siunitx_table_fill_pre_dim=\dimen187
\l__siunitx_table_fill_post_dim=\dimen188
\l__siunitx_table_fill_mid_dim=\dimen189
\l__siunitx_table_pre_box=\box59
\l__siunitx_table_post_box=\box60
\l__siunitx_table_mantissa_box=\box61
\l__siunitx_table_result_box=\box62
\l__siunitx_table_number_align_skip=\skip72
\l__siunitx_table_text_align_skip=\skip73

("C:/Program Files/MiKTeX/tex/latex/translator/translator.sty"
Package: translator 2020-08-03 v1.12c Easy translation of strings in LaTeX
))
("C:/Program Files/MiKTeX/tex/latex/pgf/frontendlayer/tikz.sty"
("C:/Program Files/MiKTeX/tex/latex/pgf/basiclayer/pgf.sty"
("C:/Program Files/MiKTeX/tex/latex/pgf/utilities/pgfrcs.sty"
("C:/Program Files/MiKTeX/tex/generic/pgf/utilities/pgfutil-common.tex"
\pgfutil@everybye=\toks28
\pgfutil@tempdima=\dimen190
\pgfutil@tempdimb=\dimen191

("C:/Program Files/MiKTeX/tex/generic/pgf/utilities/pgfutil-common-lists.tex")) ("C:/Program Files/MiKTeX/tex/generic/pgf/utilities/pgfutil-latex.def"
\pgfutil@abb=\box63
)
("C:/Program Files/MiKTeX/tex/generic/pgf/utilities/pgfrcs.code.tex"
("C:/Program Files/MiKTeX/tex/generic/pgf/pgf.revision.tex")
Package: pgfrcs 2020/12/27 v3.1.8b (3.1.8b)
))
Package: pgf 2020/12/27 v3.1.8b (3.1.8b)

("C:/Program Files/MiKTeX/tex/latex/pgf/basiclayer/pgfcore.sty"
("C:/Program Files/MiKTeX/tex/latex/pgf/systemlayer/pgfsys.sty"
("C:/Program Files/MiKTeX/tex/generic/pgf/systemlayer/pgfsys.code.tex"
Package: pgfsys 2020/12/27 v3.1.8b (3.1.8b)

("C:/Program Files/MiKTeX/tex/generic/pgf/utilities/pgfkeys.code.tex"
\pgfkeys@pathtoks=\toks29
\pgfkeys@temptoks=\toks30

("C:/Program Files/MiKTeX/tex/generic/pgf/utilities/pgfkeysfiltered.code.tex"
\pgfkeys@tmptoks=\toks31
))
\pgf@x=\dimen192
\pgf@y=\dimen193
\pgf@xa=\dimen194
\pgf@ya=\dimen195
\pgf@xb=\dimen196
\pgf@yb=\dimen197
\pgf@xc=\dimen198
\pgf@yc=\dimen199
\pgf@xd=\dimen256
\pgf@yd=\dimen257
\w@pgf@writea=\write4
\r@pgf@reada=\read3
\c@pgf@counta=\count311
\c@pgf@countb=\count312
\c@pgf@countc=\count313
\c@pgf@countd=\count314
\t@pgf@toka=\toks32
\t@pgf@tokb=\toks33
\t@pgf@tokc=\toks34
\pgf@sys@id@count=\count315
("C:/Program Files/MiKTeX/tex/generic/pgf/systemlayer/pgf.cfg"
File: pgf.cfg 2020/12/27 v3.1.8b (3.1.8b)
)
Driver file for pgf: pgfsys-luatex.def

("C:/Program Files/MiKTeX/tex/generic/pgf/systemlayer/pgfsys-luatex.def"
File: pgfsys-luatex.def 2020/12/27 v3.1.8b (3.1.8b)

("C:/Program Files/MiKTeX/tex/generic/pgf/systemlayer/pgfsys-common-pdf.def"
File: pgfsys-common-pdf.def 2020/12/27 v3.1.8b (3.1.8b)
))) ("C:/Program Files/MiKTeX/tex/generic/pgf/systemlayer/pgfsyssoftpath.code.t
ex"
File: pgfsyssoftpath.code.tex 2020/12/27 v3.1.8b (3.1.8b)
\pgfsyssoftpath@smallbuffer@items=\count316
\pgfsyssoftpath@bigbuffer@items=\count317
) ("C:/Program Files/MiKTeX/tex/generic/pgf/systemlayer/pgfsysprotocol.code.tex
"
File: pgfsysprotocol.code.tex 2020/12/27 v3.1.8b (3.1.8b)
)) ("C:/Program Files/MiKTeX/tex/generic/pgf/basiclayer/pgfcore.code.tex"
Package: pgfcore 2020/12/27 v3.1.8b (3.1.8b)

("C:/Program Files/MiKTeX/tex/generic/pgf/math/pgfmath.code.tex"
("C:/Program Files/MiKTeX/tex/generic/pgf/math/pgfmathcalc.code.tex"
("C:/Program Files/MiKTeX/tex/generic/pgf/math/pgfmathutil.code.tex")
("C:/Program Files/MiKTeX/tex/generic/pgf/math/pgfmathparser.code.tex"
\pgfmath@dimen=\dimen258
\pgfmath@count=\count318
\pgfmath@box=\box64
\pgfmath@toks=\toks35
\pgfmath@stack@operand=\toks36
\pgfmath@stack@operation=\toks37
)
("C:/Program Files/MiKTeX/tex/generic/pgf/math/pgfmathfunctions.code.tex"
("C:/Program Files/MiKTeX/tex/generic/pgf/math/pgfmathfunctions.basic.code.tex"
)
("C:/Program Files/MiKTeX/tex/generic/pgf/math/pgfmathfunctions.trigonometric.c
ode.tex")
("C:/Program Files/MiKTeX/tex/generic/pgf/math/pgfmathfunctions.random.code.tex
")
("C:/Program Files/MiKTeX/tex/generic/pgf/math/pgfmathfunctions.comparison.code
.tex")
("C:/Program Files/MiKTeX/tex/generic/pgf/math/pgfmathfunctions.base.code.tex") ("C:/Program Files/MiKTeX/tex/generic/pgf/math/pgfmathfunctions.round.code.tex") ("C:/Program Files/MiKTeX/tex/generic/pgf/math/pgfmathfunctions.misc.code.tex")
("C:/Program Files/MiKTeX/tex/generic/pgf/math/pgfmathfunctions.integerarithmet
ics.code.tex")))
("C:/Program Files/MiKTeX/tex/generic/pgf/math/pgfmathfloat.code.tex"
\c@pgfmathroundto@lastzeros=\count319
))
("C:/Program Files/MiKTeX/tex/generic/pgf/math/pgfint.code.tex")
("C:/Program Files/MiKTeX/tex/generic/pgf/basiclayer/pgfcorepoints.code.tex"
File: pgfcorepoints.code.tex 2020/12/27 v3.1.8b (3.1.8b)
\pgf@picminx=\dimen259
\pgf@picmaxx=\dimen260
\pgf@picminy=\dimen261
\pgf@picmaxy=\dimen262
\pgf@pathminx=\dimen263
\pgf@pathmaxx=\dimen264
\pgf@pathminy=\dimen265
\pgf@pathmaxy=\dimen266
\pgf@xx=\dimen267
\pgf@xy=\dimen268
\pgf@yx=\dimen269
\pgf@yy=\dimen270
\pgf@zx=\dimen271
\pgf@zy=\dimen272
)
("C:/Program Files/MiKTeX/tex/generic/pgf/basiclayer/pgfcorepathconstruct.code.
tex"
File: pgfcorepathconstruct.code.tex 2020/12/27 v3.1.8b (3.1.8b)
\pgf@path@lastx=\dimen273
\pgf@path@lasty=\dimen274
)
("C:/Program Files/MiKTeX/tex/generic/pgf/basiclayer/pgfcorepathusage.code.tex"
File: pgfcorepathusage.code.tex 2020/12/27 v3.1.8b (3.1.8b)
\pgf@shorten@end@additional=\dimen275
\pgf@shorten@start@additional=\dimen276
) ("C:/Program Files/MiKTeX/tex/generic/pgf/basiclayer/pgfcorescopes.code.tex"
File: pgfcorescopes.code.tex 2020/12/27 v3.1.8b (3.1.8b)
\pgfpic=\box65
\pgf@hbox=\box66
\pgf@layerbox@main=\box67
\pgf@picture@serial@count=\count320
)
("C:/Program Files/MiKTeX/tex/generic/pgf/basiclayer/pgfcoregraphicstate.code.t
ex"
File: pgfcoregraphicstate.code.tex 2020/12/27 v3.1.8b (3.1.8b)
\pgflinewidth=\dimen277
)
("C:/Program Files/MiKTeX/tex/generic/pgf/basiclayer/pgfcoretransformations.cod
e.tex"
File: pgfcoretransformations.code.tex 2020/12/27 v3.1.8b (3.1.8b)
\pgf@pt@x=\dimen278
\pgf@pt@y=\dimen279
\pgf@pt@temp=\dimen280
)
("C:/Program Files/MiKTeX/tex/generic/pgf/basiclayer/pgfcorequick.code.tex"
File: pgfcorequick.code.tex 2020/12/27 v3.1.8b (3.1.8b)
)
("C:/Program Files/MiKTeX/tex/generic/pgf/basiclayer/pgfcoreobjects.code.tex"
File: pgfcoreobjects.code.tex 2020/12/27 v3.1.8b (3.1.8b)
)
("C:/Program Files/MiKTeX/tex/generic/pgf/basiclayer/pgfcorepathprocessing.code
.tex"
File: pgfcorepathprocessing.code.tex 2020/12/27 v3.1.8b (3.1.8b)
)
("C:/Program Files/MiKTeX/tex/generic/pgf/basiclayer/pgfcorearrows.code.tex"
File: pgfcorearrows.code.tex 2020/12/27 v3.1.8b (3.1.8b)
\pgfarrowsep=\dimen281
)
("C:/Program Files/MiKTeX/tex/generic/pgf/basiclayer/pgfcoreshade.code.tex"
File: pgfcoreshade.code.tex 2020/12/27 v3.1.8b (3.1.8b)
\pgf@max=\dimen282
\pgf@sys@shading@range@num=\count321
\pgf@shadingcount=\count322
)
("C:/Program Files/MiKTeX/tex/generic/pgf/basiclayer/pgfcoreimage.code.tex"
File: pgfcoreimage.code.tex 2020/12/27 v3.1.8b (3.1.8b)

("C:/Program Files/MiKTeX/tex/generic/pgf/basiclayer/pgfcoreexternal.code.tex"
File: pgfcoreexternal.code.tex 2020/12/27 v3.1.8b (3.1.8b)
\pgfexternal@startupbox=\box68
)) ("C:/Program Files/MiKTeX/tex/generic/pgf/basiclayer/pgfcorelayers.code.tex"
File: pgfcorelayers.code.tex 2020/12/27 v3.1.8b (3.1.8b)
)
("C:/Program Files/MiKTeX/tex/generic/pgf/basiclayer/pgfcoretransparency.code.t
ex"
File: pgfcoretransparency.code.tex 2020/12/27 v3.1.8b (3.1.8b)
)
("C:/Program Files/MiKTeX/tex/generic/pgf/basiclayer/pgfcorepatterns.code.tex"
File: pgfcorepatterns.code.tex 2020/12/27 v3.1.8b (3.1.8b)
) ("C:/Program Files/MiKTeX/tex/generic/pgf/basiclayer/pgfcorerdf.code.tex"
File: pgfcorerdf.code.tex 2020/12/27 v3.1.8b (3.1.8b)
)))
("C:/Program Files/MiKTeX/tex/generic/pgf/modules/pgfmoduleshapes.code.tex"
File: pgfmoduleshapes.code.tex 2020/12/27 v3.1.8b (3.1.8b)
\pgfnodeparttextbox=\box69
)
("C:/Program Files/MiKTeX/tex/generic/pgf/modules/pgfmoduleplot.code.tex"
File: pgfmoduleplot.code.tex 2020/12/27 v3.1.8b (3.1.8b)
)
("C:/Program Files/MiKTeX/tex/latex/pgf/compatibility/pgfcomp-version-0-65.sty"
Package: pgfcomp-version-0-65 2020/12/27 v3.1.8b (3.1.8b)
\pgf@nodesepstart=\dimen283
\pgf@nodesepend=\dimen284
) ("C:/Program Files/MiKTeX/tex/latex/pgf/compatibility/pgfcomp-version-1-18.st
y"
Package: pgfcomp-version-1-18 2020/12/27 v3.1.8b (3.1.8b)
)) ("C:/Program Files/MiKTeX/tex/latex/pgf/utilities/pgffor.sty"
("C:/Program Files/MiKTeX/tex/latex/pgf/utilities/pgfkeys.sty"
("C:/Program Files/MiKTeX/tex/generic/pgf/utilities/pgfkeys.code.tex"))
("C:/Program Files/MiKTeX/tex/latex/pgf/math/pgfmath.sty"
("C:/Program Files/MiKTeX/tex/generic/pgf/math/pgfmath.code.tex"))
("C:/Program Files/MiKTeX/tex/generic/pgf/utilities/pgffor.code.tex"
Package: pgffor 2020/12/27 v3.1.8b (3.1.8b)

("C:/Program Files/MiKTeX/tex/generic/pgf/math/pgfmath.code.tex")
\pgffor@iter=\dimen285
\pgffor@skip=\dimen286
\pgffor@stack=\toks38
\pgffor@toks=\toks39
))
("C:/Program Files/MiKTeX/tex/generic/pgf/frontendlayer/tikz/tikz.code.tex"
Package: tikz 2020/12/27 v3.1.8b (3.1.8b)

("C:/Program Files/MiKTeX/tex/generic/pgf/libraries/pgflibraryplothandlers.code
.tex"
File: pgflibraryplothandlers.code.tex 2020/12/27 v3.1.8b (3.1.8b)
\pgf@plot@mark@count=\count323
\pgfplotmarksize=\dimen287
)
\tikz@lastx=\dimen288
\tikz@lasty=\dimen289
\tikz@lastxsaved=\dimen290
\tikz@lastysaved=\dimen291
\tikz@lastmovetox=\dimen292
\tikz@lastmovetoy=\dimen293
\tikzleveldistance=\dimen294
\tikzsiblingdistance=\dimen295
\tikz@figbox=\box70
\tikz@figbox@bg=\box71
\tikz@tempbox=\box72
\tikz@tempbox@bg=\box73
\tikztreelevel=\count324
\tikznumberofchildren=\count325
\tikznumberofcurrentchild=\count326
\tikz@fig@count=\count327

("C:/Program Files/MiKTeX/tex/generic/pgf/modules/pgfmodulematrix.code.tex"
File: pgfmodulematrix.code.tex 2020/12/27 v3.1.8b (3.1.8b)
\pgfmatrixcurrentrow=\count328
\pgfmatrixcurrentcolumn=\count329
\pgf@matrix@numberofcolumns=\count330
)
\tikz@expandcount=\count331

("C:/Program Files/MiKTeX/tex/generic/pgf/frontendlayer/tikz/libraries/tikzlibr
arytopaths.code.tex"
File: tikzlibrarytopaths.code.tex 2020/12/27 v3.1.8b (3.1.8b)
)))
! Extra \endgroup.
\document ->\endgroup 
                      \let \BeforeStartOfDocument \@firstofone \cpt@beforest...
l.48 \begin{document}
                   
Things are pretty mixed up, but I think the worst is over.

(./main1.aux

LaTeX Warning: Label `fig:Transpiração' multiply defined.


LaTeX Warning: Label `sub@fig:Transpiração' multiply defined.


LaTeX Warning: Label `fig:Transpiração@cref' multiply defined.


LaTeX Warning: Label `fig:PAR' multiply defined.


LaTeX Warning: Label `sub@fig:PAR' multiply defined.


LaTeX Warning: Label `fig:PAR@cref' multiply defined.


LaTeX Warning: Label `fig:DPV' multiply defined.


LaTeX Warning: Label `sub@fig:DPV' multiply defined.


LaTeX Warning: Label `fig:DPV@cref' multiply defined.


LaTeX Warning: Label `fig:Transpiração/PAR' multiply defined.


LaTeX Warning: Label `sub@fig:Transpiração/PAR' multiply defined.


LaTeX Warning: Label `fig:Transpiração/PAR@cref' multiply defined.


LaTeX Warning: Label `fig:Transpiração/DPV' multiply defined.


LaTeX Warning: Label `sub@fig:Transpiração/DPV' multiply defined.


LaTeX Warning: Label `fig:Transpiração/DPV@cref' multiply defined.


LaTeX Warning: Label `fig:Transpiração' multiply defined.


LaTeX Warning: Label `sub@fig:Transpiração' multiply defined.


LaTeX Warning: Label `fig:Transpiração@cref' multiply defined.


LaTeX Warning: Label `fig:PAR' multiply defined.


LaTeX Warning: Label `sub@fig:PAR' multiply defined.


LaTeX Warning: Label `fig:PAR@cref' multiply defined.


LaTeX Warning: Label `fig:DPV' multiply defined.


LaTeX Warning: Label `sub@fig:DPV' multiply defined.


LaTeX Warning: Label `fig:DPV@cref' multiply defined.


LaTeX Warning: Label `fig:Transpiração/PAR' multiply defined.


LaTeX Warning: Label `sub@fig:Transpiração/PAR' multiply defined.


LaTeX Warning: Label `fig:Transpiração/PAR@cref' multiply defined.


LaTeX Warning: Label `fig:Transpiração/DPV' multiply defined.


LaTeX Warning: Label `sub@fig:Transpiração/DPV' multiply defined.


LaTeX Warning: Label `fig:Transpiração/DPV@cref' multiply defined.


LaTeX Warning: Label `fig:Transpiração' multiply defined.


LaTeX Warning: Label `sub@fig:Transpiração' multiply defined.


LaTeX Warning: Label `fig:Transpiração@cref' multiply defined.


LaTeX Warning: Label `fig:PAR' multiply defined.


LaTeX Warning: Label `sub@fig:PAR' multiply defined.


LaTeX Warning: Label `fig:PAR@cref' multiply defined.


LaTeX Warning: Label `fig:DPV' multiply defined.


LaTeX Warning: Label `sub@fig:DPV' multiply defined.


LaTeX Warning: Label `fig:DPV@cref' multiply defined.


LaTeX Warning: Label `fig:Transpiração/PAR' multiply defined.


LaTeX Warning: Label `sub@fig:Transpiração/PAR' multiply defined.


LaTeX Warning: Label `fig:Transpiração/PAR@cref' multiply defined.


LaTeX Warning: Label `fig:Transpiração/DPV' multiply defined.


LaTeX Warning: Label `sub@fig:Transpiração/DPV' multiply defined.


LaTeX Warning: Label `fig:Transpiração/DPV@cref' multiply defined.


LaTeX Warning: Label `fig:Transpiração' multiply defined.


LaTeX Warning: Label `sub@fig:Transpiração' multiply defined.


LaTeX Warning: Label `fig:Transpiração@cref' multiply defined.


LaTeX Warning: Label `fig:PAR' multiply defined.


LaTeX Warning: Label `sub@fig:PAR' multiply defined.


LaTeX Warning: Label `fig:PAR@cref' multiply defined.


LaTeX Warning: Label `fig:DPV' multiply defined.


LaTeX Warning: Label `sub@fig:DPV' multiply defined.


LaTeX Warning: Label `fig:DPV@cref' multiply defined.


LaTeX Warning: Label `fig:Transpiração/PAR' multiply defined.


LaTeX Warning: Label `sub@fig:Transpiração/PAR' multiply defined.


LaTeX Warning: Label `fig:Transpiração/PAR@cref' multiply defined.


LaTeX Warning: Label `fig:Transpiração/DPV' multiply defined.


LaTeX Warning: Label `sub@fig:Transpiração/DPV' multiply defined.


LaTeX Warning: Label `fig:Transpiração/DPV@cref' multiply defined.


LaTeX Warning: Label `fig:Transpiração' multiply defined.


LaTeX Warning: Label `sub@fig:Transpiração' multiply defined.


LaTeX Warning: Label `fig:Transpiração@cref' multiply defined.


LaTeX Warning: Label `fig:PAR' multiply defined.


LaTeX Warning: Label `sub@fig:PAR' multiply defined.


LaTeX Warning: Label `fig:PAR@cref' multiply defined.


LaTeX Warning: Label `fig:DPV' multiply defined.


LaTeX Warning: Label `sub@fig:DPV' multiply defined.


LaTeX Warning: Label `fig:DPV@cref' multiply defined.


LaTeX Warning: Label `fig:Transpiração/PAR' multiply defined.


LaTeX Warning: Label `sub@fig:Transpiração/PAR' multiply defined.


LaTeX Warning: Label `fig:Transpiração/PAR@cref' multiply defined.


LaTeX Warning: Label `fig:Transpiração/DPV' multiply defined.


LaTeX Warning: Label `sub@fig:Transpiração/DPV' multiply defined.


LaTeX Warning: Label `fig:Transpiração/DPV@cref' multiply defined.


LaTeX Warning: Label `fig:Transpiração' multiply defined.


LaTeX Warning: Label `sub@fig:Transpiração' multiply defined.


LaTeX Warning: Label `fig:Transpiração@cref' multiply defined.


LaTeX Warning: Label `fig:PAR' multiply defined.


LaTeX Warning: Label `sub@fig:PAR' multiply defined.


LaTeX Warning: Label `fig:PAR@cref' multiply defined.


LaTeX Warning: Label `fig:DPV' multiply defined.


LaTeX Warning: Label `sub@fig:DPV' multiply defined.


LaTeX Warning: Label `fig:DPV@cref' multiply defined.


LaTeX Warning: Label `fig:Transpiração/PAR' multiply defined.


LaTeX Warning: Label `sub@fig:Transpiração/PAR' multiply defined.


LaTeX Warning: Label `fig:Transpiração/PAR@cref' multiply defined.


LaTeX Warning: Label `fig:Transpiração/DPV' multiply defined.


LaTeX Warning: Label `sub@fig:Transpiração/DPV' multiply defined.


LaTeX Warning: Label `fig:Transpiração/DPV@cref' multiply defined.


LaTeX Warning: Label `fig:Transpiração' multiply defined.


LaTeX Warning: Label `sub@fig:Transpiração' multiply defined.


LaTeX Warning: Label `fig:Transpiração@cref' multiply defined.


LaTeX Warning: Label `fig:PAR' multiply defined.


LaTeX Warning: Label `sub@fig:PAR' multiply defined.


LaTeX Warning: Label `fig:PAR@cref' multiply defined.


LaTeX Warning: Label `fig:DPV' multiply defined.


LaTeX Warning: Label `sub@fig:DPV' multiply defined.


LaTeX Warning: Label `fig:DPV@cref' multiply defined.


LaTeX Warning: Label `fig:Transpiração/PAR' multiply defined.


LaTeX Warning: Label `sub@fig:Transpiração/PAR' multiply defined.


LaTeX Warning: Label `fig:Transpiração/PAR@cref' multiply defined.


LaTeX Warning: Label `fig:Transpiração/DPV' multiply defined.


LaTeX Warning: Label `sub@fig:Transpiração/DPV' multiply defined.


LaTeX Warning: Label `fig:Transpiração/DPV@cref' multiply defined.


LaTeX Warning: Label `fig:Transpiração' multiply defined.


LaTeX Warning: Label `sub@fig:Transpiração' multiply defined.


LaTeX Warning: Label `fig:Transpiração@cref' multiply defined.


LaTeX Warning: Label `fig:PAR' multiply defined.


LaTeX Warning: Label `sub@fig:PAR' multiply defined.


LaTeX Warning: Label `fig:PAR@cref' multiply defined.


LaTeX Warning: Label `fig:DPV' multiply defined.


LaTeX Warning: Label `sub@fig:DPV' multiply defined.


LaTeX Warning: Label `fig:DPV@cref' multiply defined.


LaTeX Warning: Label `fig:Transpiração/PAR' multiply defined.


LaTeX Warning: Label `sub@fig:Transpiração/PAR' multiply defined.


LaTeX Warning: Label `fig:Transpiração/PAR@cref' multiply defined.


LaTeX Warning: Label `fig:Transpiração/DPV' multiply defined.


LaTeX Warning: Label `sub@fig:Transpiração/DPV' multiply defined.


LaTeX Warning: Label `fig:Transpiração/DPV@cref' multiply defined.

)
\openout1 = main1.aux

LaTeX Font Info:    Checking defaults for OML/cmm/m/it on input line 48.
LaTeX Font Info:    ... okay on input line 48.
LaTeX Font Info:    Checking defaults for OMS/cmsy/m/n on input line 48.
LaTeX Font Info:    ... okay on input line 48.
LaTeX Font Info:    Checking defaults for OT1/cmr/m/n on input line 48.
LaTeX Font Info:    ... okay on input line 48.
LaTeX Font Info:    Checking defaults for T1/cmr/m/n on input line 48.
LaTeX Font Info:    ... okay on input line 48.
LaTeX Font Info:    Checking defaults for TS1/cmr/m/n on input line 48.
LaTeX Font Info:    ... okay on input line 48.
LaTeX Font Info:    Checking defaults for TU/lmr/m/n on input line 48.
LaTeX Font Info:    ... okay on input line 48.
LaTeX Font Info:    Checking defaults for OMX/cmex/m/n on input line 48.
LaTeX Font Info:    ... okay on input line 48.
LaTeX Font Info:    Checking defaults for U/cmr/m/n on input line 48.
LaTeX Font Info:    ... okay on input line 48.
LaTeX Font Info:    Checking defaults for PD1/pdf/m/n on input line 48.
LaTeX Font Info:    ... okay on input line 48.
LaTeX Font Info:    Checking defaults for PU/pdf/m/n on input line 48.
LaTeX Font Info:    ... okay on input line 48.

*geometry* driver: auto-detecting
*geometry* detected driver: luatex
*geometry* verbose mode - [ preamble ] result:
* driver: luatex
* paper: a4paper
* layout: <same size as paper>
* layoutoffset:(h,v)=(0.0pt,0.0pt)
* modes: 
* h-part:(L,W,R)=(71.13188pt, 455.24411pt, 71.13188pt)
* v-part:(T,H,B)=(56.9055pt, 731.23584pt, 56.9055pt)
* \paperwidth=597.50787pt
* \paperheight=845.04684pt
* \textwidth=455.24411pt
* \textheight=731.23584pt
* \oddsidemargin=-1.1381pt
* \evensidemargin=-1.1381pt
* \topmargin=-52.36449pt
* \headheight=12.0pt
* \headsep=25.0pt
* \topskip=12.0pt
* \footskip=30.0pt
* \marginparwidth=35.0pt
* \marginparsep=10.0pt
* \columnsep=10.0pt
* \skip\footins=10.8pt plus 4.0pt minus 2.0pt
* \hoffset=0.0pt
* \voffset=0.0pt
* \mag=1000
* \@twocolumnfalse
* \@twosidefalse
* \@mparswitchfalse
* \@reversemarginfalse
* (1in=72.27pt=25.4mm, 1cm=28.453pt)

("C:/Program Files/MiKTeX/tex/context/base/mkii/supp-pdf.mkii"
[Loading MPS to PDF converter (version 2006.09.02).]
\scratchcounter=\count332
\scratchdimen=\dimen296
\scratchbox=\box74
\nofMPsegments=\count333
\nofMParguments=\count334
\everyMPshowfont=\toks40
\MPscratchCnt=\count335
\MPscratchDim=\dimen297
\MPnumerator=\count336
\makeMPintoPDFobject=\count337
\everyMPtoPDFconversion=\toks41
) ("C:/Program Files/MiKTeX/tex/latex/epstopdf-pkg/epstopdf-base.sty"
Package: epstopdf-base 2020-01-24 v2.11 Base part for package epstopdf
Package epstopdf-base Info: Redefining graphics rule for `.eps' on input line 48
5.
)
Package caption Info: Begin \AtBeginDocument code.
Package caption Info: subfig package v1.3 is loaded.
Package caption Info: hyperref package is loaded.
Package caption Info: End \AtBeginDocument code.
Package hyperref Info: Link coloring OFF on input line 48.

("C:/Program Files/MiKTeX/tex/latex/hyperref/nameref.sty"
Package: nameref 2019/09/16 v2.46 Cross-referencing by name of section

("C:/Program Files/MiKTeX/tex/latex/refcount/refcount.sty"
Package: refcount 2019/12/15 v3.6 Data extraction from label references (HO)
)
("C:/Program Files/MiKTeX/tex/generic/gettitlestring/gettitlestring.sty"
Package: gettitlestring 2019/12/15 v1.6 Cleanup title references (HO)
)
\c@section@level=\count338
)
LaTeX Info: Redefining \ref on input line 48.
LaTeX Info: Redefining \pageref on input line 48.
LaTeX Info: Redefining \nameref on input line 48.

(./main1.out) (./main1.out)
\@outlinefile=\write5

\openout5 = main1.out

("C:/Program Files/MiKTeX/tex/latex/siunitx/siunitx-abbreviations.cfg"
File: siunitx-abbreviations.cfg 2017/11/26 v2.7k siunitx: Abbreviated units
)
("C:/Program Files/MiKTeX/tex/latex/translator/translator-basic-dictionary-Engl
ish.dict"
Dictionary: translator-basic-dictionary, Language: English 
)
LaTeX Font Info:    Trying to load font information for U+msa on input line 48.
 ("C:/Program Files/MiKTeX/tex/latex/amsfonts/umsa.fd"
File: umsa.fd 2013/01/14 v3.01 AMS symbols A
)
LaTeX Font Info:    Trying to load font information for U+msb on input line 48.

("C:/Program Files/MiKTeX/tex/latex/amsfonts/umsb.fd"
File: umsb.fd 2013/01/14 v3.01 AMS symbols B
) [1

{C:/Users/renan/AppData/Local/MiKTeX/pdftex/config/pdftex.map}] (./main1.toc)
\tf@toc=\write6

\openout6 = main1.toc
 (./main1.lof)
\tf@lof=\write7

\openout7 = main1.lof

warning  (pdf backend): ignoring duplicate destination with the name 'page.1'
[1] [2] [3] [4]
Underfull \hbox (badness 10000) in paragraph at lines 133--134

 []


Underfull \hbox (badness 10000) in paragraph at lines 135--136

 []


Underfull \hbox (badness 10000) in paragraph at lines 137--138

 []

<assets/cana/g1_20150817.pdf, id=119, 361.35pt x 180.675pt>
File: assets/cana/g1_20150817.pdf Graphic file (type pdf)
<use assets/cana/g1_20150817.pdf>
Package luatex.def Info: assets/cana/g1_20150817.pdf  used on input line 144.
(luatex.def)             Requested size: 223.07211pt x 111.53763pt.
<assets/cana/g2_20150817.pdf, id=120, 361.35pt x 180.675pt>
File: assets/cana/g2_20150817.pdf Graphic file (type pdf)
<use assets/cana/g2_20150817.pdf>
Package luatex.def Info: assets/cana/g2_20150817.pdf  used on input line 145.
(luatex.def)             Requested size: 223.07211pt x 111.53763pt.
<assets/cana/g3_20150817.pdf, id=121, 361.35pt x 180.675pt>
File: assets/cana/g3_20150817.pdf Graphic file (type pdf)
<use assets/cana/g3_20150817.pdf>
Package luatex.def Info: assets/cana/g3_20150817.pdf  used on input line 146.
(luatex.def)             Requested size: 223.07211pt x 111.53763pt.
<assets/cana/g4_20150817.pdf, id=122, 361.35pt x 180.675pt>
File: assets/cana/g4_20150817.pdf Graphic file (type pdf)
<use assets/cana/g4_20150817.pdf>
Package luatex.def Info: assets/cana/g4_20150817.pdf  used on input line 147.
(luatex.def)             Requested size: 223.07211pt x 111.53763pt.
<assets/cana/g5_20150817.pdf, id=123, 361.35pt x 180.675pt>
File: assets/cana/g5_20150817.pdf Graphic file (type pdf)
<use assets/cana/g5_20150817.pdf>
Package luatex.def Info: assets/cana/g5_20150817.pdf  used on input line 148.
(luatex.def)             Requested size: 223.07211pt x 111.53763pt.
<assets/cana/g1_20151019.pdf, id=124, 361.35pt x 180.675pt>
File: assets/cana/g1_20151019.pdf Graphic file (type pdf)
<use assets/cana/g1_20151019.pdf>
Package luatex.def Info: assets/cana/g1_20151019.pdf  used on input line 154.
(luatex.def)             Requested size: 223.07211pt x 111.53763pt.
<assets/cana/g2_20151019.pdf, id=125, 361.35pt x 180.675pt>
File: assets/cana/g2_20151019.pdf Graphic file (type pdf)
<use assets/cana/g2_20151019.pdf>
Package luatex.def Info: assets/cana/g2_20151019.pdf  used on input line 155.
(luatex.def)             Requested size: 223.07211pt x 111.53763pt.
<assets/cana/g3_20151019.pdf, id=126, 361.35pt x 180.675pt>
File: assets/cana/g3_20151019.pdf Graphic file (type pdf)
<use assets/cana/g3_20151019.pdf>
Package luatex.def Info: assets/cana/g3_20151019.pdf  used on input line 156.
(luatex.def)             Requested size: 223.07211pt x 111.53763pt.
<assets/cana/g4_20151019.pdf, id=127, 361.35pt x 180.675pt>
File: assets/cana/g4_20151019.pdf Graphic file (type pdf)
<use assets/cana/g4_20151019.pdf>
Package luatex.def Info: assets/cana/g4_20151019.pdf  used on input line 157.
(luatex.def)             Requested size: 223.07211pt x 111.53763pt.
<assets/cana/g5_20151019.pdf, id=128, 361.35pt x 180.675pt>
File: assets/cana/g5_20151019.pdf Graphic file (type pdf)
<use assets/cana/g5_20151019.pdf>
Package luatex.def Info: assets/cana/g5_20151019.pdf  used on input line 158.
(luatex.def)             Requested size: 223.07211pt x 111.53763pt.
[5] [6<./assets/cana/g1_20150817.pdf><./assets/cana/g2_20150817.pdf><./assets/ca
na/g3_20150817.pdf><./assets/cana/g4_20150817.pdf><./assets/cana/g5_20150817.pdf
>]
<assets/pata/g1_20161128.pdf, id=252, 361.35pt x 193.72375pt>
File: assets/pata/g1_20161128.pdf Graphic file (type pdf)
<use assets/pata/g1_20161128.pdf>
Package luatex.def Info: assets/pata/g1_20161128.pdf  used on input line 165.
(luatex.def)             Requested size: 223.07211pt x 119.59312pt.
<assets/pata/g2_20161128.pdf, id=253, 361.35pt x 193.72375pt>
File: assets/pata/g2_20161128.pdf Graphic file (type pdf)
<use assets/pata/g2_20161128.pdf>
Package luatex.def Info: assets/pata/g2_20161128.pdf  used on input line 166.
(luatex.def)             Requested size: 223.07211pt x 119.59312pt.
<assets/pata/g3_20161128.pdf, id=254, 361.35pt x 193.72375pt>
File: assets/pata/g3_20161128.pdf Graphic file (type pdf)
<use assets/pata/g3_20161128.pdf>
Package luatex.def Info: assets/pata/g3_20161128.pdf  used on input line 167.
(luatex.def)             Requested size: 223.07211pt x 119.59312pt.
<assets/pata/g4_20161128.pdf, id=255, 361.35pt x 193.72375pt>
File: assets/pata/g4_20161128.pdf Graphic file (type pdf)
<use assets/pata/g4_20161128.pdf>
Package luatex.def Info: assets/pata/g4_20161128.pdf  used on input line 168.
(luatex.def)             Requested size: 223.07211pt x 119.59312pt.
<assets/pata/g5_20161128.pdf, id=256, 361.35pt x 193.72375pt>
File: assets/pata/g5_20161128.pdf Graphic file (type pdf)
<use assets/pata/g5_20161128.pdf>
Package luatex.def Info: assets/pata/g5_20161128.pdf  used on input line 169.
(luatex.def)             Requested size: 223.07211pt x 119.59312pt.
 [7<./assets/cana/g1_20151019.pdf><./assets/cana/g2_20151019.pdf><./assets/cana/
g3_20151019.pdf><./assets/cana/g4_20151019.pdf><./assets/cana/g5_20151019.pdf>]
<assets/myrtaceae/g1_20161130.pdf, id=373, 361.35pt x 193.72375pt>
File: assets/myrtaceae/g1_20161130.pdf Graphic file (type pdf)
<use assets/myrtaceae/g1_20161130.pdf>
Package luatex.def Info: assets/myrtaceae/g1_20161130.pdf  used on input line 17
6.
(luatex.def)             Requested size: 223.07211pt x 119.59312pt.
<assets/myrtaceae/g2_20161130.pdf, id=374, 361.35pt x 193.72375pt>
File: assets/myrtaceae/g2_20161130.pdf Graphic file (type pdf)
<use assets/myrtaceae/g2_20161130.pdf>
Package luatex.def Info: assets/myrtaceae/g2_20161130.pdf  used on input line 17
7.
(luatex.def)             Requested size: 223.07211pt x 119.59312pt.
<assets/myrtaceae/g3_20161130.pdf, id=375, 361.35pt x 193.72375pt>
File: assets/myrtaceae/g3_20161130.pdf Graphic file (type pdf)
<use assets/myrtaceae/g3_20161130.pdf>
Package luatex.def Info: assets/myrtaceae/g3_20161130.pdf  used on input line 17
8.
(luatex.def)             Requested size: 223.07211pt x 119.59312pt.
<assets/myrtaceae/g4_20161130.pdf, id=376, 361.35pt x 193.72375pt>
File: assets/myrtaceae/g4_20161130.pdf Graphic file (type pdf)
<use assets/myrtaceae/g4_20161130.pdf>
Package luatex.def Info: assets/myrtaceae/g4_20161130.pdf  used on input line 17
9.
(luatex.def)             Requested size: 223.07211pt x 119.59312pt.
<assets/myrtaceae/g5_20161130.pdf, id=377, 361.35pt x 193.72375pt>
File: assets/myrtaceae/g5_20161130.pdf Graphic file (type pdf)
<use assets/myrtaceae/g5_20161130.pdf>
Package luatex.def Info: assets/myrtaceae/g5_20161130.pdf  used on input line 18
0.
(luatex.def)             Requested size: 223.07211pt x 119.59312pt.
 [8<./assets/pata/g1_20161128.pdf><./assets/pata/g2_20161128.pdf><./assets/pata/
g3_20161128.pdf><./assets/pata/g4_20161128.pdf><./assets/pata/g5_20161128.pdf>]
<assets/grumixama/g1_20131203.pdf, id=494, 361.35pt x 202.7575pt>
File: assets/grumixama/g1_20131203.pdf Graphic file (type pdf)
<use assets/grumixama/g1_20131203.pdf>
Package luatex.def Info: assets/grumixama/g1_20131203.pdf  used on input line 18
7.
(luatex.def)             Requested size: 223.07211pt x 125.17001pt.
<assets/grumixama/g2_20131203.pdf, id=495, 361.35pt x 202.7575pt>
File: assets/grumixama/g2_20131203.pdf Graphic file (type pdf)
<use assets/grumixama/g2_20131203.pdf>
Package luatex.def Info: assets/grumixama/g2_20131203.pdf  used on input line 18
8.
(luatex.def)             Requested size: 223.07211pt x 125.17001pt.
<assets/grumixama/g3_20131203.pdf, id=496, 361.35pt x 202.7575pt>
File: assets/grumixama/g3_20131203.pdf Graphic file (type pdf)
<use assets/grumixama/g3_20131203.pdf>
Package luatex.def Info: assets/grumixama/g3_20131203.pdf  used on input line 18
9.
(luatex.def)             Requested size: 223.07211pt x 125.17001pt.
<assets/grumixama/g4_20131203.pdf, id=497, 361.35pt x 202.7575pt>
File: assets/grumixama/g4_20131203.pdf Graphic file (type pdf)
<use assets/grumixama/g4_20131203.pdf>
Package luatex.def Info: assets/grumixama/g4_20131203.pdf  used on input line 19
0.
(luatex.def)             Requested size: 223.07211pt x 125.17001pt.
<assets/grumixama/g5_20131203.pdf, id=498, 361.35pt x 202.7575pt>
File: assets/grumixama/g5_20131203.pdf Graphic file (type pdf)
<use assets/grumixama/g5_20131203.pdf>
Package luatex.def Info: assets/grumixama/g5_20131203.pdf  used on input line 19
1.
(luatex.def)             Requested size: 223.07211pt x 125.17001pt.
 [9<./assets/myrtaceae/g1_20161130.pdf><./assets/myrtaceae/g2_20161130.pdf><./as
sets/myrtaceae/g3_20161130.pdf><./assets/myrtaceae/g4_20161130.pdf><./assets/myr
taceae/g5_20161130.pdf>]
<assets/eucalipto/g1_20080324.pdf, id=615, 361.35pt x 193.72375pt>
File: assets/eucalipto/g1_20080324.pdf Graphic file (type pdf)
<use assets/eucalipto/g1_20080324.pdf>
Package luatex.def Info: assets/eucalipto/g1_20080324.pdf  used on input line 19
8.
(luatex.def)             Requested size: 223.07211pt x 119.59312pt.
<assets/eucalipto/g2_20080324.pdf, id=616, 361.35pt x 193.72375pt>
File: assets/eucalipto/g2_20080324.pdf Graphic file (type pdf)
<use assets/eucalipto/g2_20080324.pdf>
Package luatex.def Info: assets/eucalipto/g2_20080324.pdf  used on input line 19
9.
(luatex.def)             Requested size: 223.07211pt x 119.59312pt.
<assets/eucalipto/g3_20080324.pdf, id=617, 361.35pt x 193.72375pt>
File: assets/eucalipto/g3_20080324.pdf Graphic file (type pdf)
<use assets/eucalipto/g3_20080324.pdf>
Package luatex.def Info: assets/eucalipto/g3_20080324.pdf  used on input line 20
0.
(luatex.def)             Requested size: 223.07211pt x 119.59312pt.
<assets/eucalipto/g4_20080324.pdf, id=618, 361.35pt x 193.72375pt>
File: assets/eucalipto/g4_20080324.pdf Graphic file (type pdf)
<use assets/eucalipto/g4_20080324.pdf>
Package luatex.def Info: assets/eucalipto/g4_20080324.pdf  used on input line 20
1.
(luatex.def)             Requested size: 223.07211pt x 119.59312pt.
<assets/eucalipto/g5_20080324.pdf, id=619, 361.35pt x 193.72375pt>
File: assets/eucalipto/g5_20080324.pdf Graphic file (type pdf)
<use assets/eucalipto/g5_20080324.pdf>
Package luatex.def Info: assets/eucalipto/g5_20080324.pdf  used on input line 20
2.
(luatex.def)             Requested size: 223.07211pt x 119.59312pt.
<assets/eucalipto/g1_20080325.pdf, id=620, 361.35pt x 193.72375pt>
File: assets/eucalipto/g1_20080325.pdf Graphic file (type pdf)
<use assets/eucalipto/g1_20080325.pdf>
Package luatex.def Info: assets/eucalipto/g1_20080325.pdf  used on input line 20
8.
(luatex.def)             Requested size: 223.07211pt x 119.59312pt.
<assets/eucalipto/g2_20080325.pdf, id=621, 361.35pt x 193.72375pt>
File: assets/eucalipto/g2_20080325.pdf Graphic file (type pdf)
<use assets/eucalipto/g2_20080325.pdf>
Package luatex.def Info: assets/eucalipto/g2_20080325.pdf  used on input line 20
9.
(luatex.def)             Requested size: 223.07211pt x 119.59312pt.
<assets/eucalipto/g3_20080325.pdf, id=622, 361.35pt x 193.72375pt>
File: assets/eucalipto/g3_20080325.pdf Graphic file (type pdf)
<use assets/eucalipto/g3_20080325.pdf>
Package luatex.def Info: assets/eucalipto/g3_20080325.pdf  used on input line 21
0.
(luatex.def)             Requested size: 223.07211pt x 119.59312pt.
<assets/eucalipto/g4_20080325.pdf, id=623, 361.35pt x 193.72375pt>
File: assets/eucalipto/g4_20080325.pdf Graphic file (type pdf)
<use assets/eucalipto/g4_20080325.pdf>
Package luatex.def Info: assets/eucalipto/g4_20080325.pdf  used on input line 21
1.
(luatex.def)             Requested size: 223.07211pt x 119.59312pt.
<assets/eucalipto/g5_20080325.pdf, id=624, 361.35pt x 193.72375pt>
File: assets/eucalipto/g5_20080325.pdf Graphic file (type pdf)
<use assets/eucalipto/g5_20080325.pdf>
Package luatex.def Info: assets/eucalipto/g5_20080325.pdf  used on input line 21
2.
(luatex.def)             Requested size: 223.07211pt x 119.59312pt.
 [10<./assets/grumixama/g1_20131203.pdf><./assets/grumixama/g2_20131203.pdf><./a
ssets/grumixama/g3_20131203.pdf><./assets/grumixama/g4_20131203.pdf><./assets/gr
umixama/g5_20131203.pdf>]
<assets/eucalipto/g1_20080617.pdf, id=742, 361.35pt x 193.72375pt>
File: assets/eucalipto/g1_20080617.pdf Graphic file (type pdf)
<use assets/eucalipto/g1_20080617.pdf>
Package luatex.def Info: assets/eucalipto/g1_20080617.pdf  used on input line 21
8.
(luatex.def)             Requested size: 223.07211pt x 119.59312pt.
<assets/eucalipto/g2_20080617.pdf, id=743, 361.35pt x 193.72375pt>
File: assets/eucalipto/g2_20080617.pdf Graphic file (type pdf)
<use assets/eucalipto/g2_20080617.pdf>
Package luatex.def Info: assets/eucalipto/g2_20080617.pdf  used on input line 21
9.
(luatex.def)             Requested size: 223.07211pt x 119.59312pt.
<assets/eucalipto/g3_20080617.pdf, id=744, 361.35pt x 193.72375pt>
File: assets/eucalipto/g3_20080617.pdf Graphic file (type pdf)
<use assets/eucalipto/g3_20080617.pdf>
Package luatex.def Info: assets/eucalipto/g3_20080617.pdf  used on input line 22
0.
(luatex.def)             Requested size: 223.07211pt x 119.59312pt.
<assets/eucalipto/g4_20080617.pdf, id=745, 361.35pt x 193.72375pt>
File: assets/eucalipto/g4_20080617.pdf Graphic file (type pdf)
<use assets/eucalipto/g4_20080617.pdf>
Package luatex.def Info: assets/eucalipto/g4_20080617.pdf  used on input line 22
1.
(luatex.def)             Requested size: 223.07211pt x 119.59312pt.
<assets/eucalipto/g5_20080617.pdf, id=746, 361.35pt x 193.72375pt>
File: assets/eucalipto/g5_20080617.pdf Graphic file (type pdf)
<use assets/eucalipto/g5_20080617.pdf>
Package luatex.def Info: assets/eucalipto/g5_20080617.pdf  used on input line 22
2.
(luatex.def)             Requested size: 223.07211pt x 119.59312pt.
 [11<./assets/eucalipto/g1_20080324.pdf><./assets/eucalipto/g2_20080324.pdf><./a
ssets/eucalipto/g3_20080324.pdf><./assets/eucalipto/g4_20080324.pdf><./assets/eu
calipto/g5_20080324.pdf>]
<assets/eucalipto/g1_20080618.pdf, id=863, 361.35pt x 193.72375pt>
File: assets/eucalipto/g1_20080618.pdf Graphic file (type pdf)
<use assets/eucalipto/g1_20080618.pdf>
Package luatex.def Info: assets/eucalipto/g1_20080618.pdf  used on input line 22
8.
(luatex.def)             Requested size: 223.07211pt x 119.59312pt.
<assets/eucalipto/g2_20080618.pdf, id=864, 361.35pt x 193.72375pt>
File: assets/eucalipto/g2_20080618.pdf Graphic file (type pdf)
<use assets/eucalipto/g2_20080618.pdf>
Package luatex.def Info: assets/eucalipto/g2_20080618.pdf  used on input line 22
9.
(luatex.def)             Requested size: 223.07211pt x 119.59312pt.
<assets/eucalipto/g3_20080618.pdf, id=865, 361.35pt x 193.72375pt>
File: assets/eucalipto/g3_20080618.pdf Graphic file (type pdf)
<use assets/eucalipto/g3_20080618.pdf>
Package luatex.def Info: assets/eucalipto/g3_20080618.pdf  used on input line 23
0.
(luatex.def)             Requested size: 223.07211pt x 119.59312pt.
<assets/eucalipto/g4_20080618.pdf, id=866, 361.35pt x 193.72375pt>
File: assets/eucalipto/g4_20080618.pdf Graphic file (type pdf)
<use assets/eucalipto/g4_20080618.pdf>
Package luatex.def Info: assets/eucalipto/g4_20080618.pdf  used on input line 23
1.
(luatex.def)             Requested size: 223.07211pt x 119.59312pt.
<assets/eucalipto/g5_20080618.pdf, id=867, 361.35pt x 193.72375pt>
File: assets/eucalipto/g5_20080618.pdf Graphic file (type pdf)
<use assets/eucalipto/g5_20080618.pdf>
Package luatex.def Info: assets/eucalipto/g5_20080618.pdf  used on input line 23
2.
(luatex.def)             Requested size: 223.07211pt x 119.59312pt.
 [12<./assets/eucalipto/g1_20080325.pdf><./assets/eucalipto/g2_20080325.pdf><./a
ssets/eucalipto/g3_20080325.pdf><./assets/eucalipto/g4_20080325.pdf><./assets/eu
calipto/g5_20080325.pdf>] [13<./assets/eucalipto/g1_20080617.pdf><./assets/eucal
ipto/g2_20080617.pdf><./assets/eucalipto/g3_20080617.pdf><./assets/eucalipto/g4_
20080617.pdf><./assets/eucalipto/g5_20080617.pdf>] [14<./assets/eucalipto/g1_200
80618.pdf><./assets/eucalipto/g2_20080618.pdf><./assets/eucalipto/g3_20080618.pd
f><./assets/eucalipto/g4_20080618.pdf><./assets/eucalipto/g5_20080618.pdf>] (./
main1.aux)

LaTeX Warning: There were multiply-defined labels.

Package rerunfilecheck Info: File `main1.out' has not changed.
(rerunfilecheck)             Checksum: C8A9D378FC862F4941039F18924A2D4A;1361.
)
(\end occurred inside a group at level 1)

### semi simple group (level 1) entered at line 48 (\begingroup)
### bottom level

Here is how much of LuaTeX's memory you used:
 32405 strings out of 478824
 100000,1144653 words of node,token memory allocated
 645 words of node memory still in use:
   8 hlist, 2 vlist, 3 rule, 5 glue, 4 kern, 1 glyph, 13 attribute, 70 glue_spec
, 9 attribute_list, 2 write nodes
   avail lists: 2:1588,3:329,4:67,5:567,6:67,7:9097,8:47,9:591,10:13,11:865
 50732 multiletter control sequences out of 65536+200000
 72 fonts using 5959055 bytes
 83i,13n,86p,1666b,3273s stack positions out of 5000i,500n,10000p,200000b,50000s
{C:/Program Files/MiKTeX/fonts/enc/dvips/lm/lm-ec.enc}{C:/Program Files/MiKTeX/f
onts/enc/dvips/lm/lm-ts1.enc}<C:/Program Files/MiKTeX/fonts/type1/public/amsfont
s/cm/cmmi12.pfb><C:/Program Files/MiKTeX/fonts/type1/public/amsfonts/cm/cmr12.pf
b><C:/Program Files/MiKTeX/fonts/type1/public/amsfonts/cm/cmr8.pfb><C:/Program F
iles/MiKTeX/fonts/type1/public/amsfonts/cm/cmsy10.pfb><C:/Program Files/MiKTeX/f
onts/type1/public/amsfonts/cm/cmsy8.pfb><C:/Program Files/MiKTeX/fonts/type1/pub
lic/lm/lmbx12.pfb><C:/Program Files/MiKTeX/fonts/type1/public/lm/lmr10.pfb><C:/P
rogram Files/MiKTeX/fonts/type1/public/lm/lmr12.pfb><C:/Program Files/MiKTeX/fon
ts/type1/public/lm/lmr8.pfb><C:/Program Files/MiKTeX/fonts/type1/public/lm/lmri1
2.pfb><C:/Program Files/MiKTeX/fonts/type1/public/lm/lmri8.pfb>
Output written on main1.pdf (15 pages, 1541161 bytes).

PDF statistics: 1260 PDF objects out of 1440 (max. 8388607)
 83 named destinations out of 1000 (max. 131072)
 112 words of extra memory for PDF output out of 10000 (max. 100000000)

