This is LuaHBTeX, Version 1.12.0 (MiKTeX 20.6.29) (format=lualatex 2020.9.3)  28 DEC 2020 14:15
 restricted system commands enabled.
**main.tex
(./main.tex
LaTeX2e <2020-02-02> patch level 5
Lua module: luaotfload-main 2020-05-06 3.14 luaotfload entry point
Lua module: luaotfload-init 2020-05-06 3.14 luaotfload submodule / initializatio
n
Lua module: lualibs 2020-05-01 2.71 ConTeXt Lua standard libraries.
Lua module: lualibs-extended 2020-05-01 2.71 ConTeXt Lua libraries -- extended c
ollection.
Lua module: luaotfload-log 2020-05-06 3.14 luaotfload submodule / logging
Lua module: luaotfload-parsers 2020-05-06 3.14 luaotfload submodule / filelist
Lua module: luaotfload-configuration 2020-05-06 3.14 luaotfload submodule / conf
ig file reader
luaotfload | conf : Root cache directory is "C:/Users/renan/AppData/Local/MiKTeX
/luatex-cache/generic-dev/names".
luaotfload | init : Loading fontloader "fontloader-2020-05-06.lua" from kpse-res
olved path "C:/Program Files/MiKTeX/tex/luatex/luaotfload/fontloader-2020-05-06.
lua".
Lua-only attribute luaotfload@noligature = 1
Lua-only attribute luaotfload@syllabe = 2
luaotfload | init : Context OpenType loader version 0x1.8e353f7ced917p+1
Lua module: luaotfload-fallback 2020-05-06 3.14 luaotfload submodule / fallback
Lua module: luaotfload-multiscript 2020-05-06 3.14 luaotfload submodule / multis
cript
Lua module: luaotfload-script 2020-05-06 3.14 luaotfload submodule / Script help
ers
Inserting `luaotfload.node_processor' at position 1 in `pre_linebreak_filter'.
Inserting `luaotfload.node_processor' at position 1 in `hpack_filter'.
Lua module: luaotfload-loaders 2020-05-06 3.14 luaotfload submodule / callback h
andling
Inserting `luaotfload.define_font' at position 1 in `define_font'.
Lua module: luaotfload-database 2020-05-06 3.14 luaotfload submodule / database
Lua module: luaotfload-unicode 2020-05-06 3.14 luaotfload submodule / Unicode he
lpers
Lua module: luaotfload-colors 2020-05-06 3.14 luaotfload submodule / color
Lua-only attribute luaotfload_color_attribute = 3
Lua module: luaotfload-resolvers 2020-05-06 3.14 luaotfload submodule / resolver
s
luaotfload | conf : Root cache directory is "C:/Users/renan/AppData/Local/MiKTeX
/luatex-cache/generic-dev/names".
Lua module: luaotfload-features 2020-05-06 3.14 luaotfload submodule / features
Lua module: luaotfload-harf-define 2020-05-06 3.14 luaotfload submodule / databa
se
Inserting `luaotfload.harf.strip_prefix' at position 1 in `find_opentype_file'.
Inserting `luaotfload.harf.strip_prefix' at position 1 in `find_truetype_file'.
Lua module: luaotfload-harf-plug 2020-05-06 3.14 luaotfload submodule / database
Inserting `Harf pre_output_filter callback' at position 1 in `pre_output_filter'
.
Inserting `Harf wrapup_run callback' at position 1 in `wrapup_run'.
Inserting `Harf finish_pdffile callback' at position 1 in `finish_pdffile'.
Inserting `Harf glyph_info callback' at position 1 in `glyph_info'.
Lua module: luaotfload-letterspace 2020-05-06 3.14 luaotfload submodule / color
Lua module: luaotfload-embolden 2020-05-06 3.14 luaotfload submodule / color
Lua module: luaotfload-notdef 2020-05-06 3.14 luaotfload submodule / color
Lua module: luaotfload-suppress 2020-05-06 3.14 luaotfload submodule / suppress
Lua module: luaotfload-szss 2020-05-06 3.14 luaotfload submodule / color
Lua module: luaotfload-auxiliary 2020-05-06 3.14 luaotfload submodule / auxiliar
y functions
Inserting `luaotfload.aux.set_sscale_dimens' at position 1 in `luaotfload.patch_
font'.
Inserting `luaotfload.aux.set_font_index' at position 2 in `luaotfload.patch_fon
t'.
Inserting `luaotfload.aux.patch_cambria_domh' at position 3 in `luaotfload.patch
_font'.
Inserting `luaotfload.aux.fixup_fontdata' at position 1 in `luaotfload.patch_fon
t_unsafe'.
Inserting `luaotfload.aux.set_capheight' at position 4 in `luaotfload.patch_font
'.
Inserting `luaotfload.aux.set_xheight' at position 5 in `luaotfload.patch_font'.
Lua module: luaotfload-tounicode 2020-05-06 3.14 luaotfload submodule / tounicod
e
Inserting `luaotfload.rewrite_fontname' at position 6 in `luaotfload.patch_font'
. L3 programming layer <2020-06-18>
("C:/Program Files/MiKTeX/tex/latex/base/article.cls"
Document Class: article 2019/12/20 v1.4l Standard LaTeX document class
("C:/Program Files/MiKTeX/tex/latex/base/size12.clo"
File: size12.clo 2019/12/20 v1.4l Standard LaTeX file (size option)
luaotfload | db : Font names database loaded from C:/Users/renan/AppData/Local/M
iKTeX/luatex-cache/generic-dev/names/luaotfload-names.luc)
\c@part=\count163
\c@section=\count164
\c@subsection=\count165
\c@subsubsection=\count166
\c@paragraph=\count167
\c@subparagraph=\count168
\c@figure=\count169
\c@table=\count170
\abovecaptionskip=\skip47
\belowcaptionskip=\skip48
\bibindent=\dimen134
)
("C:/Program Files/MiKTeX/tex/latex/geometry/geometry.sty"
Package: geometry 2020/01/02 v5.9 Page Geometry

("C:/Program Files/MiKTeX/tex/latex/graphics/keyval.sty"
Package: keyval 2014/10/28 v1.15 key=value parser (DPC)
\KV@toks@=\toks15
)
("C:/Program Files/MiKTeX/tex/generic/iftex/ifvtex.sty"
Package: ifvtex 2019/10/25 v1.7 ifvtex legacy package. Use iftex instead.

("C:/Program Files/MiKTeX/tex/generic/iftex/iftex.sty"
Package: iftex 2020/03/06 v1.0d TeX engine tests
))
\Gm@cnth=\count171
\Gm@cntv=\count172
\c@Gm@tempcnt=\count173
\Gm@bindingoffset=\dimen135
\Gm@wd@mp=\dimen136
\Gm@odd@mp=\dimen137
\Gm@even@mp=\dimen138
\Gm@layoutwidth=\dimen139
\Gm@layoutheight=\dimen140
\Gm@layouthoffset=\dimen141
\Gm@layoutvoffset=\dimen142
\Gm@dimlist=\toks16

("C:/Program Files/MiKTeX/tex/latex/geometry/geometry.cfg"))
("C:/Program Files/MiKTeX/tex/latex/base/inputenc.sty"
Package: inputenc 2018/08/11 v1.3c Input encoding file
\inpenc@prehook=\toks17
\inpenc@posthook=\toks18


Package inputenc Warning: inputenc package ignored with utf8 based engines.

) ("C:/Program Files/MiKTeX/tex/latex/base/fontenc.sty"
Package: fontenc 2020/02/11 v2.0o Standard LaTeX package
LaTeX Font Info:    Trying to load font information for T1+lmr on input line 112
.

("C:/Program Files/MiKTeX/tex/latex/lm/t1lmr.fd"
File: t1lmr.fd 2009/10/30 v1.6 Font defs for Latin Modern
))
("C:/Program Files/MiKTeX/tex/generic/babel/babel.sty"
Package: babel 2020/06/10 3.45 The Babel package

("C:/Program Files/MiKTeX/tex/generic/babel/babel.def"
File: babel.def 2020/06/10 3.45 Babel common definitions

("C:/Program Files/MiKTeX/tex/generic/babel/luababel.def"
\bbl@readstream=\read2
\l@afrikaans=\language2
Package babel Info: Non-standard hyphenation setup on input line 117.
\l@ancientgreek=\language3
\l@armenian=\language4
\l@assamese=\language5
\l@basque=\language6
\l@belarusian=\language7
\l@bengali=\language8
\l@bokmal=\language9
\l@bulgarian=\language10
\l@catalan=\language11
\l@churchslavonic=\language12
\l@classiclatin=\language13
\l@coptic=\language14
\l@croatian=\language15
\l@czech=\language16
\l@danish=\language17
\l@dutch=\language18
\l@esperanto=\language19
\l@estonian=\language20
\l@ethiopic=\language21
\l@finnish=\language22
\l@french=\language23
\l@friulan=\language24
\l@galician=\language25
\l@georgian=\language26
\l@german=\language27
\l@greek=\language28
\l@gujarati=\language29
\l@hindi=\language30
\l@hungarian=\language31
\l@icelandic=\language32
\l@indonesian=\language33
\l@interlingua=\language34
\l@irish=\language35
\l@italian=\language36
\l@kannada=\language37
\l@kurmanji=\language38
\l@latin=\language39
\l@latvian=\language40
\l@lithuanian=\language41
\l@liturgicallatin=\language42
\l@macedonian=\language43
\l@malayalam=\language44
\l@marathi=\language45
\l@mongolian=\language46
\l@mongolianlmc=\language47
\l@monogreek=\language48
\l@ngerman=\language49
\l@nynorsk=\language50
\l@occitan=\language51
\l@oriya=\language52
\l@pali=\language53
\l@panjabi=\language54
\l@piedmontese=\language55
\l@polish=\language56
\l@portuguese=\language57
\l@romanian=\language58
\l@romansh=\language59
\l@russian=\language60
\l@sanskrit=\language61
\l@serbian=\language62
\l@serbianc=\language63
\l@slovak=\language64
\l@slovenian=\language65
\l@spanish=\language66
\l@swedish=\language67
\l@swissgerman=\language68
\l@tamil=\language69
\l@telugu=\language70
\l@thai=\language71
\l@turkish=\language72
\l@turkmen=\language73
\l@ukenglish=\language74
\l@ukrainian=\language75
\l@uppersorbian=\language76
\l@usenglishmax=\language77
\l@welsh=\language78
\babelcatcodetablenum=\catcodetable5
\bbl@pattcodes=\catcodetable6
)
\babel@savecnt=\count174
\U@D=\dimen143
\l@babelnohyphens=\language79

("C:/Program Files/MiKTeX/tex/generic/babel/luababel.def"
\bbl@attr@locale=\attribute4
))
*************************************
* Local config file bblopts.cfg used
*
("C:/Program Files/MiKTeX/tex/latex/arabi/bblopts.cfg"
File: bblopts.cfg 2005/09/08 v0.1 add Arabic and Farsi to "declared" options of 
babel
)
("C:/Program Files/MiKTeX/tex/latex/babel-portuges/brazilian.ldf"
Language: portuges 2020/05/04 v1.2r Portuguese support from the babel system
Package babel Info: \l@brazilian = using hyphenrules for portuguese
(babel)             (\language57) on input line 111.
Package babel Info: Making " an active character on input line 143.

("C:/Program Files/MiKTeX/tex/generic/hyph-utf8/loadhyph/loadhyph-pt.tex"
UTF-8 Portuguese hyphenation patterns
("C:/Program Files/MiKTeX/tex/generic/hyph-utf8/patterns/tex/hyph-pt.tex"))))
("C:/Program Files/MiKTeX/tex/latex/amsmath/amsmath.sty"
Package: amsmath 2020/01/20 v2.17e AMS math features
\@mathmargin=\skip49

For additional information on amsmath, use the `?' option.
("C:/Program Files/MiKTeX/tex/latex/amsmath/amstext.sty"
Package: amstext 2000/06/29 v2.01 AMS text

("C:/Program Files/MiKTeX/tex/latex/amsmath/amsgen.sty"
File: amsgen.sty 1999/11/30 v2.0 generic functions
\@emptytoks=\toks19
\ex@=\dimen144
))
("C:/Program Files/MiKTeX/tex/latex/amsmath/amsbsy.sty"
Package: amsbsy 1999/11/29 v1.2d Bold Symbols
\pmbraise@=\dimen145
)
("C:/Program Files/MiKTeX/tex/latex/amsmath/amsopn.sty"
Package: amsopn 2016/03/08 v2.02 operator names
)
\inf@bad=\count175
LaTeX Info: Redefining \frac on input line 227.
\uproot@=\count176
\leftroot@=\count177
LaTeX Info: Redefining \overline on input line 389.
\classnum@=\count178
\DOTSCASE@=\count179
LaTeX Info: Redefining \ldots on input line 486.
LaTeX Info: Redefining \dots on input line 489.
LaTeX Info: Redefining \cdots on input line 610.
\Mathstrutbox@=\box45
\strutbox@=\box46
\big@size=\dimen146
LaTeX Font Info:    Redeclaring font encoding OML on input line 733.
LaTeX Font Info:    Redeclaring font encoding OMS on input line 734.
\macc@depth=\count180
\c@MaxMatrixCols=\count181
\dotsspace@=\muskip16
\c@parentequation=\count182
\dspbrk@lvl=\count183
\tag@help=\toks20
\row@=\count184
\column@=\count185
\maxfields@=\count186
\andhelp@=\toks21
\eqnshift@=\dimen147
\alignsep@=\dimen148
\tagshift@=\dimen149
\tagwidth@=\dimen150
\totwidth@=\dimen151
\lineht@=\dimen152
\@envbody=\toks22
\multlinegap=\skip50
\multlinetaggap=\skip51
\mathdisplay@stack=\toks23
LaTeX Info: Redefining \[ on input line 2859.
LaTeX Info: Redefining \] on input line 2860.
)
("C:/Program Files/MiKTeX/tex/latex/amsfonts/amsfonts.sty"
Package: amsfonts 2013/01/14 v3.01 Basic AMSFonts support
\symAMSa=\mathgroup4
\symAMSb=\mathgroup5
LaTeX Font Info:    Redeclaring math symbol \hbar on input line 98.
LaTeX Font Info:    Overwriting math alphabet `\mathfrak' in version `bold'
(Font)                  U/euf/m/n --> U/euf/b/n on input line 106.
)
("C:/Program Files/MiKTeX/tex/latex/amsfonts/amssymb.sty"
Package: amssymb 2013/01/14 v3.01 AMS font symbols
)
("C:/Program Files/MiKTeX/tex/latex/xcolor/xcolor.sty"
Package: xcolor 2016/05/11 v2.12 LaTeX color extensions (UK)

("C:/Program Files/MiKTeX/tex/latex/graphics-cfg/color.cfg"
File: color.cfg 2016/01/02 v1.6 sample color configuration
)
Package xcolor Info: Driver file: luatex.def on input line 225.

("C:/Program Files/MiKTeX/tex/latex/graphics-def/luatex.def"
File: luatex.def 2018/01/08 v1.0l Graphics/color driver for luatex
)
Package xcolor Info: Model `cmy' substituted by `cmy0' on input line 1348.
Package xcolor Info: Model `hsb' substituted by `rgb' on input line 1352.
Package xcolor Info: Model `RGB' extended on input line 1364.
Package xcolor Info: Model `HTML' substituted by `rgb' on input line 1366.
Package xcolor Info: Model `Hsb' substituted by `hsb' on input line 1367.
Package xcolor Info: Model `tHsb' substituted by `hsb' on input line 1368.
Package xcolor Info: Model `HSB' substituted by `hsb' on input line 1369.
Package xcolor Info: Model `Gray' substituted by `gray' on input line 1370.
Package xcolor Info: Model `wave' substituted by `hsb' on input line 1371.
)
("C:/Program Files/MiKTeX/tex/latex/float/float.sty"
Package: float 2001/11/08 v1.3d Float enhancements (AL)
\c@float@type=\count187
\float@exts=\toks24
\float@box=\box47
\@float@everytoks=\toks25
\@floatcapt=\box48
)
("C:/Program Files/MiKTeX/tex/latex/xwatermark/xwatermark.sty"
("C:/Program Files/MiKTeX/tex/latex/catoptions/catoptions.sty"
\m@one=\count188
\z@pt=\dimen153
Package: catoptions 2014/08/29 v0.2.7h Securing catcodes and parsing options (AM
)

("C:/Program Files/MiKTeX/tex/generic/pdftexcmds/pdftexcmds.sty"
Package: pdftexcmds 2020-06-27 v0.33 Utility functions of pdfTeX for LuaTeX (HO)


("C:/Program Files/MiKTeX/tex/generic/infwarerr/infwarerr.sty"
Package: infwarerr 2019/12/03 v1.5 Providing info/warning/error messages (HO)
)
("C:/Program Files/MiKTeX/tex/generic/ltxcmds/ltxcmds.sty"
Package: ltxcmds 2019/12/15 v1.24 LaTeX kernel commands for general use (HO)
)
Package pdftexcmds Info: \pdf@primitive is available.
Package pdftexcmds Info: \pdf@ifprimitive is available.
Package pdftexcmds Info: \pdfdraftmode found.
\pdftexcmds@toks=\toks26
)
\cpt@csvdepth=\count189
\cpt@optdepth=\count190
\cpt@cnta=\count191
\indrisdepth=\count192
\cpt@foreachdepth=\count193
\cpt@exprcnt=\count194
)
Package: xwatermark 2012/10/23 v1.5.2d A dynamic watermarking scheme (Ahmed Musa
)

("C:/Program Files/MiKTeX/tex/latex/base/fix-cm.sty"
Package: fix-cm 2015/01/14 v1.1t fixes to LaTeX

("C:/Program Files/MiKTeX/tex/latex/base/ts1enc.def"
File: ts1enc.def 2001/06/05 v3.0e (jk/car/fm) Standard LaTeX file
LaTeX Font Info:    Redeclaring font encoding TS1 on input line 47.
))
("C:/Program Files/MiKTeX/tex/latex/picture/picture.sty"
Package: picture 2020-04-22 v1.6 Dimens for picture macros (HO)
Package picture Info: Calculation method: etex.
)
("C:/Program Files/MiKTeX/tex/latex/graphics/graphicx.sty"
Package: graphicx 2019/11/30 v1.2a Enhanced LaTeX Graphics (DPC,SPQR)

("C:/Program Files/MiKTeX/tex/latex/graphics/graphics.sty"
Package: graphics 2019/11/30 v1.4a Standard LaTeX Graphics (DPC,SPQR)

("C:/Program Files/MiKTeX/tex/latex/graphics/trig.sty"
Package: trig 2016/01/03 v1.10 sin cos tan (DPC)
)
("C:/Program Files/MiKTeX/tex/latex/graphics-cfg/graphics.cfg"
File: graphics.cfg 2016/06/04 v1.11 sample graphics configuration
)
Package graphics Info: Driver file: luatex.def on input line 105.
)
\Gin@req@height=\dimen154
\Gin@req@width=\dimen155
)
("C:/Program Files/MiKTeX/tex/generic/atbegshi/atbegshi.sty"
Package: atbegshi 2019/12/05 v1.19 At begin shipout hook (HO)
)
("C:/Program Files/MiKTeX/tex/latex/fancyhdr/fancyhdr.sty"
Package: fancyhdr 2019/01/31 v3.10 Extensive control of page headers and footers

\f@nch@headwidth=\skip52
\f@nch@O@elh=\skip53
\f@nch@O@erh=\skip54
\f@nch@O@olh=\skip55
\f@nch@O@orh=\skip56
\f@nch@O@elf=\skip57
\f@nch@O@erf=\skip58
\f@nch@O@olf=\skip59
\f@nch@O@orf=\skip60
)
("C:/Program Files/MiKTeX/tex/latex/atveryend/atveryend.sty"
Package: atveryend 2019-12-11 v1.11 Hooks at the very end of document (HO)
Package atveryend Info: \enddocument detected (standard20110627).
)
("C:/Program Files/MiKTeX/tex/latex/ltxkeys/ltxkeys.sty"
Package: ltxkeys 2012/11/17 v0.0.3c A robust key-value parser (AM) (Ahmed Musa)
\ltxkeys@csvdepth=\count195
\ltxkeys@keydepth=\count196
)
("C:/Program Files/MiKTeX/tex/latex/framed/framed.sty"
Package: framed 2011/10/22 v 0.96: framed or shaded text with page breaks
\OuterFrameSep=\skip61
\fb@frw=\dimen156
\fb@frh=\dimen157
\FrameRule=\dimen158
\FrameSep=\dimen159
)
\AtBeginShipoutBox=\box49
\xwm@boxa=\box50
\xwm@boxb=\box51
\xwm@cnta=\count197
\xwm@wrt=\write3
 (./main.xwm)
\openout3 = main.xwm
)
("C:/Program Files/MiKTeX/tex/latex/subfig/subfig.sty"
Package: subfig 2005/06/28 ver: 1.3 subfig package

("C:/Program Files/MiKTeX/tex/latex/caption/caption.sty"
Package: caption 2020/10/26 v3.5g Customizing captions (AR)

("C:/Program Files/MiKTeX/tex/latex/caption/caption3.sty"
Package: caption3 2020/10/21 v2.2e caption3 kernel (AR)
\captionmargin=\dimen160
\captionmargin@=\dimen161
\captionwidth=\dimen162
\caption@tempdima=\dimen163
\caption@indent=\dimen164
\caption@parindent=\dimen165
\caption@hangindent=\dimen166
Package caption Info: Standard document class detected.
)
\c@caption@flags=\count198
\c@continuedfloat=\count199
Package caption Info: float package is loaded.
)
\c@KVtest=\count266
\sf@farskip=\skip62
\sf@captopadj=\dimen167
\sf@capskip=\skip63
\sf@nearskip=\skip64
\c@subfigure=\count267
\c@subfigure@save=\count268
\c@lofdepth=\count269
\c@subtable=\count270
\c@subtable@save=\count271
\c@lotdepth=\count272
\sf@top=\skip65
\sf@bottom=\skip66
)
("C:/Program Files/MiKTeX/tex/latex/hyperref/hyperref.sty"
Package: hyperref 2020-05-15 v7.00e Hypertext links for LaTeX

("C:/Program Files/MiKTeX/tex/generic/kvsetkeys/kvsetkeys.sty"
Package: kvsetkeys 2019/12/15 v1.18 Key value parser (HO)
)
("C:/Program Files/MiKTeX/tex/generic/kvdefinekeys/kvdefinekeys.sty"
Package: kvdefinekeys 2019-12-19 v1.6 Define keys (HO)
)
("C:/Program Files/MiKTeX/tex/generic/pdfescape/pdfescape.sty"
Package: pdfescape 2019/12/09 v1.15 Implements pdfTeX's escape features (HO)
)
("C:/Program Files/MiKTeX/tex/latex/hycolor/hycolor.sty"
Package: hycolor 2020-01-27 v1.10 Color options for hyperref/bookmark (HO)
)
("C:/Program Files/MiKTeX/tex/latex/letltxmacro/letltxmacro.sty"
Package: letltxmacro 2019/12/03 v1.6 Let assignment for LaTeX macros (HO)
)
("C:/Program Files/MiKTeX/tex/latex/auxhook/auxhook.sty"
Package: auxhook 2019-12-17 v1.6 Hooks for auxiliary files (HO)
)
("C:/Program Files/MiKTeX/tex/latex/kvoptions/kvoptions.sty"
Package: kvoptions 2019/11/29 v3.13 Key value format for package options (HO)
)
\@linkdim=\dimen168
\Hy@linkcounter=\count273
\Hy@pagecounter=\count274

("C:/Program Files/MiKTeX/tex/latex/hyperref/pd1enc.def"
File: pd1enc.def 2020-05-15 v7.00e Hyperref: PDFDocEncoding definition (HO)
)
("C:/Program Files/MiKTeX/tex/generic/intcalc/intcalc.sty"
Package: intcalc 2019/12/15 v1.3 Expandable calculations with integers (HO)
)
("C:/Program Files/MiKTeX/tex/generic/etexcmds/etexcmds.sty"
Package: etexcmds 2019/12/15 v1.7 Avoid name clashes with e-TeX commands (HO)
)
\Hy@SavedSpaceFactor=\count275
Package hyperref Info: Hyper figures OFF on input line 4464.
Package hyperref Info: Link nesting OFF on input line 4469.
Package hyperref Info: Hyper index ON on input line 4472.
Package hyperref Info: Plain pages OFF on input line 4479.
Package hyperref Info: Backreferencing OFF on input line 4484.
Package hyperref Info: Implicit mode ON; LaTeX internals redefined.
Package hyperref Info: Bookmarks ON on input line 4717.
\c@Hy@tempcnt=\count276

("C:/Program Files/MiKTeX/tex/latex/url/url.sty"
\Urlmuskip=\muskip17
Package: url 2013/09/16  ver 3.4  Verb mode for urls, etc.
)
LaTeX Info: Redefining \url on input line 5076.
\XeTeXLinkMargin=\dimen169

("C:/Program Files/MiKTeX/tex/generic/bitset/bitset.sty"
Package: bitset 2019/12/09 v1.3 Handle bit-vector datatype (HO)

("C:/Program Files/MiKTeX/tex/generic/bigintcalc/bigintcalc.sty"
Package: bigintcalc 2019/12/15 v1.5 Expandable calculations on big integers (HO)

))
\Fld@menulength=\count277
\Field@Width=\dimen170
\Fld@charsize=\dimen171
Package hyperref Info: Hyper figures OFF on input line 6347.
Package hyperref Info: Link nesting OFF on input line 6352.
Package hyperref Info: Hyper index ON on input line 6355.
Package hyperref Info: backreferencing OFF on input line 6362.
Package hyperref Info: Link coloring OFF on input line 6367.
Package hyperref Info: Link coloring with OCG OFF on input line 6372.
Package hyperref Info: PDF/A mode OFF on input line 6377.
LaTeX Info: Redefining \ref on input line 6417.
LaTeX Info: Redefining \pageref on input line 6421.
\Hy@abspage=\count278
\c@Item=\count279
\c@Hfootnote=\count280
)
Package hyperref Info: Driver (autodetected): hluatex.

("C:/Program Files/MiKTeX/tex/latex/hyperref/hluatex.def"
File: hluatex.def 2020-05-15 v7.00e Hyperref driver for luaTeX

("C:/Program Files/MiKTeX/tex/latex/hyperref/puenc.def"
File: puenc.def 2020-05-15 v7.00e Hyperref: PDF Unicode definition (HO)
)
("C:/Program Files/MiKTeX/tex/generic/stringenc/stringenc.sty"
Package: stringenc 2019/11/29 v1.12 Convert strings between diff. encodings (HO)

)
\Fld@listcount=\count281
\c@bookmark@seq@number=\count282

("C:/Program Files/MiKTeX/tex/latex/rerunfilecheck/rerunfilecheck.sty"
Package: rerunfilecheck 2019/12/05 v1.9 Rerun checks for auxiliary files (HO)

("C:/Program Files/MiKTeX/tex/generic/uniquecounter/uniquecounter.sty"
Package: uniquecounter 2019/12/15 v1.4 Provide unlimited unique counter (HO)
)
Package uniquecounter Info: New unique counter `rerunfilecheck' on input line 28
6.
)
\Hy@SectionHShift=\skip67
)
("C:/Program Files/MiKTeX/tex/latex/cleveref/cleveref.sty"
Package: cleveref 2018/03/27 v0.21.4 Intelligent cross-referencing
Package cleveref Info: `hyperref' support loaded on input line 2370.
LaTeX Info: Redefining \cref on input line 2370.
LaTeX Info: Redefining \Cref on input line 2370.
LaTeX Info: Redefining \crefrange on input line 2370.
LaTeX Info: Redefining \Crefrange on input line 2370.
LaTeX Info: Redefining \cpageref on input line 2370.
LaTeX Info: Redefining \Cpageref on input line 2370.
LaTeX Info: Redefining \cpagerefrange on input line 2370.
LaTeX Info: Redefining \Cpagerefrange on input line 2370.
LaTeX Info: Redefining \labelcref on input line 2370.
LaTeX Info: Redefining \labelcpageref on input line 2370.
Package cleveref Info: `subfig' support loaded on input line 3164.
)
("C:/Program Files/MiKTeX/tex/latex/pgf/frontendlayer/tikz.sty"
("C:/Program Files/MiKTeX/tex/latex/pgf/basiclayer/pgf.sty"
("C:/Program Files/MiKTeX/tex/latex/pgf/utilities/pgfrcs.sty"
("C:/Program Files/MiKTeX/tex/generic/pgf/utilities/pgfutil-common.tex"
\pgfutil@everybye=\toks27
\pgfutil@tempdima=\dimen172
\pgfutil@tempdimb=\dimen173

("C:/Program Files/MiKTeX/tex/generic/pgf/utilities/pgfutil-common-lists.tex")) ("C:/Program Files/MiKTeX/tex/generic/pgf/utilities/pgfutil-latex.def"
\pgfutil@abb=\box52

("C:/Program Files/MiKTeX/tex/latex/ms/everyshi.sty"
Package: everyshi 2001/05/15 v3.00 EveryShipout Package (MS)
))
("C:/Program Files/MiKTeX/tex/generic/pgf/utilities/pgfrcs.code.tex"
("C:/Program Files/MiKTeX/tex/generic/pgf/pgf.revision.tex")
Package: pgfrcs 2020/01/08 v3.1.5b (3.1.5b)
))
Package: pgf 2020/01/08 v3.1.5b (3.1.5b)

("C:/Program Files/MiKTeX/tex/latex/pgf/basiclayer/pgfcore.sty"
("C:/Program Files/MiKTeX/tex/latex/pgf/systemlayer/pgfsys.sty"
("C:/Program Files/MiKTeX/tex/generic/pgf/systemlayer/pgfsys.code.tex"
Package: pgfsys 2020/01/08 v3.1.5b (3.1.5b)

("C:/Program Files/MiKTeX/tex/generic/pgf/utilities/pgfkeys.code.tex"
\pgfkeys@pathtoks=\toks28
\pgfkeys@temptoks=\toks29

("C:/Program Files/MiKTeX/tex/generic/pgf/utilities/pgfkeysfiltered.code.tex"
\pgfkeys@tmptoks=\toks30
))
\pgf@x=\dimen174
\pgf@y=\dimen175
\pgf@xa=\dimen176
\pgf@ya=\dimen177
\pgf@xb=\dimen178
\pgf@yb=\dimen179
\pgf@xc=\dimen180
\pgf@yc=\dimen181
\pgf@xd=\dimen182
\pgf@yd=\dimen183
\w@pgf@writea=\write4
\r@pgf@reada=\read3
\c@pgf@counta=\count283
\c@pgf@countb=\count284
\c@pgf@countc=\count285
\c@pgf@countd=\count286
\t@pgf@toka=\toks31
\t@pgf@tokb=\toks32
\t@pgf@tokc=\toks33
\pgf@sys@id@count=\count287
("C:/Program Files/MiKTeX/tex/generic/pgf/systemlayer/pgf.cfg"
File: pgf.cfg 2020/01/08 v3.1.5b (3.1.5b)
)
Driver file for pgf: pgfsys-luatex.def

("C:/Program Files/MiKTeX/tex/generic/pgf/systemlayer/pgfsys-luatex.def"
File: pgfsys-luatex.def 2020/01/08 v3.1.5b (3.1.5b)

("C:/Program Files/MiKTeX/tex/generic/pgf/systemlayer/pgfsys-common-pdf.def"
File: pgfsys-common-pdf.def 2020/01/08 v3.1.5b (3.1.5b)
))) ("C:/Program Files/MiKTeX/tex/generic/pgf/systemlayer/pgfsyssoftpath.code.t
ex"
File: pgfsyssoftpath.code.tex 2020/01/08 v3.1.5b (3.1.5b)
\pgfsyssoftpath@smallbuffer@items=\count288
\pgfsyssoftpath@bigbuffer@items=\count289
) ("C:/Program Files/MiKTeX/tex/generic/pgf/systemlayer/pgfsysprotocol.code.tex
"
File: pgfsysprotocol.code.tex 2020/01/08 v3.1.5b (3.1.5b)
)) ("C:/Program Files/MiKTeX/tex/generic/pgf/basiclayer/pgfcore.code.tex"
Package: pgfcore 2020/01/08 v3.1.5b (3.1.5b)

("C:/Program Files/MiKTeX/tex/generic/pgf/math/pgfmath.code.tex"
("C:/Program Files/MiKTeX/tex/generic/pgf/math/pgfmathcalc.code.tex"
("C:/Program Files/MiKTeX/tex/generic/pgf/math/pgfmathutil.code.tex")
("C:/Program Files/MiKTeX/tex/generic/pgf/math/pgfmathparser.code.tex"
\pgfmath@dimen=\dimen184
\pgfmath@count=\count290
\pgfmath@box=\box53
\pgfmath@toks=\toks34
\pgfmath@stack@operand=\toks35
\pgfmath@stack@operation=\toks36
)
("C:/Program Files/MiKTeX/tex/generic/pgf/math/pgfmathfunctions.code.tex"
("C:/Program Files/MiKTeX/tex/generic/pgf/math/pgfmathfunctions.basic.code.tex"
)
("C:/Program Files/MiKTeX/tex/generic/pgf/math/pgfmathfunctions.trigonometric.c
ode.tex")
("C:/Program Files/MiKTeX/tex/generic/pgf/math/pgfmathfunctions.random.code.tex
")
("C:/Program Files/MiKTeX/tex/generic/pgf/math/pgfmathfunctions.comparison.code
.tex")
("C:/Program Files/MiKTeX/tex/generic/pgf/math/pgfmathfunctions.base.code.tex") ("C:/Program Files/MiKTeX/tex/generic/pgf/math/pgfmathfunctions.round.code.tex") ("C:/Program Files/MiKTeX/tex/generic/pgf/math/pgfmathfunctions.misc.code.tex")
("C:/Program Files/MiKTeX/tex/generic/pgf/math/pgfmathfunctions.integerarithmet
ics.code.tex")))
("C:/Program Files/MiKTeX/tex/generic/pgf/math/pgfmathfloat.code.tex"
\c@pgfmathroundto@lastzeros=\count291
))
("C:/Program Files/MiKTeX/tex/generic/pgf/math/pgfint.code.tex")
("C:/Program Files/MiKTeX/tex/generic/pgf/basiclayer/pgfcorepoints.code.tex"
File: pgfcorepoints.code.tex 2020/01/08 v3.1.5b (3.1.5b)
\pgf@picminx=\dimen185
\pgf@picmaxx=\dimen186
\pgf@picminy=\dimen187
\pgf@picmaxy=\dimen188
\pgf@pathminx=\dimen189
\pgf@pathmaxx=\dimen190
\pgf@pathminy=\dimen191
\pgf@pathmaxy=\dimen192
\pgf@xx=\dimen193
\pgf@xy=\dimen194
\pgf@yx=\dimen195
\pgf@yy=\dimen196
\pgf@zx=\dimen197
\pgf@zy=\dimen198
)
("C:/Program Files/MiKTeX/tex/generic/pgf/basiclayer/pgfcorepathconstruct.code.
tex"
File: pgfcorepathconstruct.code.tex 2020/01/08 v3.1.5b (3.1.5b)
\pgf@path@lastx=\dimen199
\pgf@path@lasty=\dimen256
)
("C:/Program Files/MiKTeX/tex/generic/pgf/basiclayer/pgfcorepathusage.code.tex"
File: pgfcorepathusage.code.tex 2020/01/08 v3.1.5b (3.1.5b)
\pgf@shorten@end@additional=\dimen257
\pgf@shorten@start@additional=\dimen258
) ("C:/Program Files/MiKTeX/tex/generic/pgf/basiclayer/pgfcorescopes.code.tex"
File: pgfcorescopes.code.tex 2020/01/08 v3.1.5b (3.1.5b)
\pgfpic=\box54
\pgf@hbox=\box55
\pgf@layerbox@main=\box56
\pgf@picture@serial@count=\count292
)
("C:/Program Files/MiKTeX/tex/generic/pgf/basiclayer/pgfcoregraphicstate.code.t
ex"
File: pgfcoregraphicstate.code.tex 2020/01/08 v3.1.5b (3.1.5b)
\pgflinewidth=\dimen259
)
("C:/Program Files/MiKTeX/tex/generic/pgf/basiclayer/pgfcoretransformations.cod
e.tex"
File: pgfcoretransformations.code.tex 2020/01/08 v3.1.5b (3.1.5b)
\pgf@pt@x=\dimen260
\pgf@pt@y=\dimen261
\pgf@pt@temp=\dimen262
)
("C:/Program Files/MiKTeX/tex/generic/pgf/basiclayer/pgfcorequick.code.tex"
File: pgfcorequick.code.tex 2020/01/08 v3.1.5b (3.1.5b)
)
("C:/Program Files/MiKTeX/tex/generic/pgf/basiclayer/pgfcoreobjects.code.tex"
File: pgfcoreobjects.code.tex 2020/01/08 v3.1.5b (3.1.5b)
)
("C:/Program Files/MiKTeX/tex/generic/pgf/basiclayer/pgfcorepathprocessing.code
.tex"
File: pgfcorepathprocessing.code.tex 2020/01/08 v3.1.5b (3.1.5b)
)
("C:/Program Files/MiKTeX/tex/generic/pgf/basiclayer/pgfcorearrows.code.tex"
File: pgfcorearrows.code.tex 2020/01/08 v3.1.5b (3.1.5b)
\pgfarrowsep=\dimen263
)
("C:/Program Files/MiKTeX/tex/generic/pgf/basiclayer/pgfcoreshade.code.tex"
File: pgfcoreshade.code.tex 2020/01/08 v3.1.5b (3.1.5b)
\pgf@max=\dimen264
\pgf@sys@shading@range@num=\count293
\pgf@shadingcount=\count294
)
("C:/Program Files/MiKTeX/tex/generic/pgf/basiclayer/pgfcoreimage.code.tex"
File: pgfcoreimage.code.tex 2020/01/08 v3.1.5b (3.1.5b)

("C:/Program Files/MiKTeX/tex/generic/pgf/basiclayer/pgfcoreexternal.code.tex"
File: pgfcoreexternal.code.tex 2020/01/08 v3.1.5b (3.1.5b)
\pgfexternal@startupbox=\box57
)) ("C:/Program Files/MiKTeX/tex/generic/pgf/basiclayer/pgfcorelayers.code.tex"
File: pgfcorelayers.code.tex 2020/01/08 v3.1.5b (3.1.5b)
)
("C:/Program Files/MiKTeX/tex/generic/pgf/basiclayer/pgfcoretransparency.code.t
ex"
File: pgfcoretransparency.code.tex 2020/01/08 v3.1.5b (3.1.5b)
)
("C:/Program Files/MiKTeX/tex/generic/pgf/basiclayer/pgfcorepatterns.code.tex"
File: pgfcorepatterns.code.tex 2020/01/08 v3.1.5b (3.1.5b)
) ("C:/Program Files/MiKTeX/tex/generic/pgf/basiclayer/pgfcorerdf.code.tex"
File: pgfcorerdf.code.tex 2020/01/08 v3.1.5b (3.1.5b)
)))
("C:/Program Files/MiKTeX/tex/generic/pgf/modules/pgfmoduleshapes.code.tex"
File: pgfmoduleshapes.code.tex 2020/01/08 v3.1.5b (3.1.5b)
\pgfnodeparttextbox=\box58
)
("C:/Program Files/MiKTeX/tex/generic/pgf/modules/pgfmoduleplot.code.tex"
File: pgfmoduleplot.code.tex 2020/01/08 v3.1.5b (3.1.5b)
)
("C:/Program Files/MiKTeX/tex/latex/pgf/compatibility/pgfcomp-version-0-65.sty"
Package: pgfcomp-version-0-65 2020/01/08 v3.1.5b (3.1.5b)
\pgf@nodesepstart=\dimen265
\pgf@nodesepend=\dimen266
) ("C:/Program Files/MiKTeX/tex/latex/pgf/compatibility/pgfcomp-version-1-18.st
y"
Package: pgfcomp-version-1-18 2020/01/08 v3.1.5b (3.1.5b)
)) ("C:/Program Files/MiKTeX/tex/latex/pgf/utilities/pgffor.sty"
("C:/Program Files/MiKTeX/tex/latex/pgf/utilities/pgfkeys.sty"
("C:/Program Files/MiKTeX/tex/generic/pgf/utilities/pgfkeys.code.tex"))
("C:/Program Files/MiKTeX/tex/latex/pgf/math/pgfmath.sty"
("C:/Program Files/MiKTeX/tex/generic/pgf/math/pgfmath.code.tex"))
("C:/Program Files/MiKTeX/tex/generic/pgf/utilities/pgffor.code.tex"
Package: pgffor 2020/01/08 v3.1.5b (3.1.5b)

("C:/Program Files/MiKTeX/tex/generic/pgf/math/pgfmath.code.tex")
\pgffor@iter=\dimen267
\pgffor@skip=\dimen268
\pgffor@stack=\toks37
\pgffor@toks=\toks38
))
("C:/Program Files/MiKTeX/tex/generic/pgf/frontendlayer/tikz/tikz.code.tex"
Package: tikz 2020/01/08 v3.1.5b (3.1.5b)

("C:/Program Files/MiKTeX/tex/generic/pgf/libraries/pgflibraryplothandlers.code
.tex"
File: pgflibraryplothandlers.code.tex 2020/01/08 v3.1.5b (3.1.5b)
\pgf@plot@mark@count=\count295
\pgfplotmarksize=\dimen269
)
\tikz@lastx=\dimen270
\tikz@lasty=\dimen271
\tikz@lastxsaved=\dimen272
\tikz@lastysaved=\dimen273
\tikz@lastmovetox=\dimen274
\tikz@lastmovetoy=\dimen275
\tikzleveldistance=\dimen276
\tikzsiblingdistance=\dimen277
\tikz@figbox=\box59
\tikz@figbox@bg=\box60
\tikz@tempbox=\box61
\tikz@tempbox@bg=\box62
\tikztreelevel=\count296
\tikznumberofchildren=\count297
\tikznumberofcurrentchild=\count298
\tikz@fig@count=\count299

("C:/Program Files/MiKTeX/tex/generic/pgf/modules/pgfmodulematrix.code.tex"
File: pgfmodulematrix.code.tex 2020/01/08 v3.1.5b (3.1.5b)
\pgfmatrixcurrentrow=\count300
\pgfmatrixcurrentcolumn=\count301
\pgf@matrix@numberofcolumns=\count302
)
\tikz@expandcount=\count303

("C:/Program Files/MiKTeX/tex/generic/pgf/frontendlayer/tikz/libraries/tikzlibr
arytopaths.code.tex"
File: tikzlibrarytopaths.code.tex 2020/01/08 v3.1.5b (3.1.5b)
)))
("C:/Program Files/MiKTeX/tex/latex/l3backend/l3backend-pdfmode.def"
File: l3backend-pdfmode.def 2020-06-29 L3 backend support: PDF mode
\l__kernel_color_stack_int=\count304
\l__pdf_internal_box=\box63
)
(./main.aux

LaTeX Warning: Label `fig:Transpiração' multiply defined.


LaTeX Warning: Label `sub@fig:Transpiração' multiply defined.


LaTeX Warning: Label `fig:Transpiração@cref' multiply defined.


LaTeX Warning: Label `fig:PAR' multiply defined.


LaTeX Warning: Label `sub@fig:PAR' multiply defined.


LaTeX Warning: Label `fig:PAR@cref' multiply defined.


LaTeX Warning: Label `fig:DPV' multiply defined.


LaTeX Warning: Label `sub@fig:DPV' multiply defined.


LaTeX Warning: Label `fig:DPV@cref' multiply defined.


LaTeX Warning: Label `fig:Transpiração/PAR' multiply defined.


LaTeX Warning: Label `sub@fig:Transpiração/PAR' multiply defined.


LaTeX Warning: Label `fig:Transpiração/PAR@cref' multiply defined.


LaTeX Warning: Label `fig:Transpiração/DPV' multiply defined.


LaTeX Warning: Label `sub@fig:Transpiração/DPV' multiply defined.


LaTeX Warning: Label `fig:Transpiração/DPV@cref' multiply defined.


LaTeX Warning: Label `fig:Transpiração' multiply defined.


LaTeX Warning: Label `sub@fig:Transpiração' multiply defined.


LaTeX Warning: Label `fig:Transpiração@cref' multiply defined.


LaTeX Warning: Label `fig:PAR' multiply defined.


LaTeX Warning: Label `sub@fig:PAR' multiply defined.


LaTeX Warning: Label `fig:PAR@cref' multiply defined.


LaTeX Warning: Label `fig:DPV' multiply defined.


LaTeX Warning: Label `sub@fig:DPV' multiply defined.


LaTeX Warning: Label `fig:DPV@cref' multiply defined.


LaTeX Warning: Label `fig:Transpiração/PAR' multiply defined.


LaTeX Warning: Label `sub@fig:Transpiração/PAR' multiply defined.


LaTeX Warning: Label `fig:Transpiração/PAR@cref' multiply defined.


LaTeX Warning: Label `fig:Transpiração/DPV' multiply defined.


LaTeX Warning: Label `sub@fig:Transpiração/DPV' multiply defined.


LaTeX Warning: Label `fig:Transpiração/DPV@cref' multiply defined.


LaTeX Warning: Label `fig:Transpiração' multiply defined.


LaTeX Warning: Label `sub@fig:Transpiração' multiply defined.


LaTeX Warning: Label `fig:Transpiração@cref' multiply defined.


LaTeX Warning: Label `fig:PAR' multiply defined.


LaTeX Warning: Label `sub@fig:PAR' multiply defined.


LaTeX Warning: Label `fig:PAR@cref' multiply defined.


LaTeX Warning: Label `fig:DPV' multiply defined.


LaTeX Warning: Label `sub@fig:DPV' multiply defined.


LaTeX Warning: Label `fig:DPV@cref' multiply defined.


LaTeX Warning: Label `fig:Transpiração/PAR' multiply defined.


LaTeX Warning: Label `sub@fig:Transpiração/PAR' multiply defined.


LaTeX Warning: Label `fig:Transpiração/PAR@cref' multiply defined.


LaTeX Warning: Label `fig:Transpiração/DPV' multiply defined.


LaTeX Warning: Label `sub@fig:Transpiração/DPV' multiply defined.


LaTeX Warning: Label `fig:Transpiração/DPV@cref' multiply defined.


LaTeX Warning: Label `fig:Transpiração' multiply defined.


LaTeX Warning: Label `sub@fig:Transpiração' multiply defined.


LaTeX Warning: Label `fig:Transpiração@cref' multiply defined.


LaTeX Warning: Label `fig:PAR' multiply defined.


LaTeX Warning: Label `sub@fig:PAR' multiply defined.


LaTeX Warning: Label `fig:PAR@cref' multiply defined.


LaTeX Warning: Label `fig:DPV' multiply defined.


LaTeX Warning: Label `sub@fig:DPV' multiply defined.


LaTeX Warning: Label `fig:DPV@cref' multiply defined.


LaTeX Warning: Label `fig:Transpiração/PAR' multiply defined.


LaTeX Warning: Label `sub@fig:Transpiração/PAR' multiply defined.


LaTeX Warning: Label `fig:Transpiração/PAR@cref' multiply defined.


LaTeX Warning: Label `fig:Transpiração/DPV' multiply defined.


LaTeX Warning: Label `sub@fig:Transpiração/DPV' multiply defined.


LaTeX Warning: Label `fig:Transpiração/DPV@cref' multiply defined.


LaTeX Warning: Label `fig:Transpiração' multiply defined.


LaTeX Warning: Label `sub@fig:Transpiração' multiply defined.


LaTeX Warning: Label `fig:Transpiração@cref' multiply defined.


LaTeX Warning: Label `fig:PAR' multiply defined.


LaTeX Warning: Label `sub@fig:PAR' multiply defined.


LaTeX Warning: Label `fig:PAR@cref' multiply defined.


LaTeX Warning: Label `fig:DPV' multiply defined.


LaTeX Warning: Label `sub@fig:DPV' multiply defined.


LaTeX Warning: Label `fig:DPV@cref' multiply defined.


LaTeX Warning: Label `fig:Transpiração/PAR' multiply defined.


LaTeX Warning: Label `sub@fig:Transpiração/PAR' multiply defined.


LaTeX Warning: Label `fig:Transpiração/PAR@cref' multiply defined.


LaTeX Warning: Label `fig:Transpiração/DPV' multiply defined.


LaTeX Warning: Label `sub@fig:Transpiração/DPV' multiply defined.


LaTeX Warning: Label `fig:Transpiração/DPV@cref' multiply defined.


LaTeX Warning: Label `fig:Transpiração' multiply defined.


LaTeX Warning: Label `sub@fig:Transpiração' multiply defined.


LaTeX Warning: Label `fig:Transpiração@cref' multiply defined.


LaTeX Warning: Label `fig:PAR' multiply defined.


LaTeX Warning: Label `sub@fig:PAR' multiply defined.


LaTeX Warning: Label `fig:PAR@cref' multiply defined.


LaTeX Warning: Label `fig:DPV' multiply defined.


LaTeX Warning: Label `sub@fig:DPV' multiply defined.


LaTeX Warning: Label `fig:DPV@cref' multiply defined.


LaTeX Warning: Label `fig:Transpiração/PAR' multiply defined.


LaTeX Warning: Label `sub@fig:Transpiração/PAR' multiply defined.


LaTeX Warning: Label `fig:Transpiração/PAR@cref' multiply defined.


LaTeX Warning: Label `fig:Transpiração/DPV' multiply defined.


LaTeX Warning: Label `sub@fig:Transpiração/DPV' multiply defined.


LaTeX Warning: Label `fig:Transpiração/DPV@cref' multiply defined.


LaTeX Warning: Label `fig:Transpiração' multiply defined.


LaTeX Warning: Label `sub@fig:Transpiração' multiply defined.


LaTeX Warning: Label `fig:Transpiração@cref' multiply defined.


LaTeX Warning: Label `fig:PAR' multiply defined.


LaTeX Warning: Label `sub@fig:PAR' multiply defined.


LaTeX Warning: Label `fig:PAR@cref' multiply defined.


LaTeX Warning: Label `fig:DPV' multiply defined.


LaTeX Warning: Label `sub@fig:DPV' multiply defined.


LaTeX Warning: Label `fig:DPV@cref' multiply defined.


LaTeX Warning: Label `fig:Transpiração/PAR' multiply defined.


LaTeX Warning: Label `sub@fig:Transpiração/PAR' multiply defined.


LaTeX Warning: Label `fig:Transpiração/PAR@cref' multiply defined.


LaTeX Warning: Label `fig:Transpiração/DPV' multiply defined.


LaTeX Warning: Label `sub@fig:Transpiração/DPV' multiply defined.


LaTeX Warning: Label `fig:Transpiração/DPV@cref' multiply defined.


LaTeX Warning: Label `fig:Transpiração' multiply defined.


LaTeX Warning: Label `sub@fig:Transpiração' multiply defined.


LaTeX Warning: Label `fig:Transpiração@cref' multiply defined.


LaTeX Warning: Label `fig:PAR' multiply defined.


LaTeX Warning: Label `sub@fig:PAR' multiply defined.


LaTeX Warning: Label `fig:PAR@cref' multiply defined.


LaTeX Warning: Label `fig:DPV' multiply defined.


LaTeX Warning: Label `sub@fig:DPV' multiply defined.


LaTeX Warning: Label `fig:DPV@cref' multiply defined.


LaTeX Warning: Label `fig:Transpiração/PAR' multiply defined.


LaTeX Warning: Label `sub@fig:Transpiração/PAR' multiply defined.


LaTeX Warning: Label `fig:Transpiração/PAR@cref' multiply defined.


LaTeX Warning: Label `fig:Transpiração/DPV' multiply defined.


LaTeX Warning: Label `sub@fig:Transpiração/DPV' multiply defined.


LaTeX Warning: Label `fig:Transpiração/DPV@cref' multiply defined.

)
\openout1 = main.aux

LaTeX Font Info:    Checking defaults for OML/cmm/m/it on input line 45.
LaTeX Font Info:    ... okay on input line 45.
LaTeX Font Info:    Checking defaults for OMS/cmsy/m/n on input line 45.
LaTeX Font Info:    ... okay on input line 45.
LaTeX Font Info:    Checking defaults for OT1/cmr/m/n on input line 45.
LaTeX Font Info:    ... okay on input line 45.
LaTeX Font Info:    Checking defaults for T1/cmr/m/n on input line 45.
LaTeX Font Info:    ... okay on input line 45.
LaTeX Font Info:    Checking defaults for TS1/cmr/m/n on input line 45.
LaTeX Font Info:    ... okay on input line 45.
LaTeX Font Info:    Checking defaults for TU/lmr/m/n on input line 45.
LaTeX Font Info:    ... okay on input line 45.
LaTeX Font Info:    Checking defaults for OMX/cmex/m/n on input line 45.
LaTeX Font Info:    ... okay on input line 45.
LaTeX Font Info:    Checking defaults for U/cmr/m/n on input line 45.
LaTeX Font Info:    ... okay on input line 45.
LaTeX Font Info:    Checking defaults for PD1/pdf/m/n on input line 45.
LaTeX Font Info:    ... okay on input line 45.
LaTeX Font Info:    Checking defaults for PU/pdf/m/n on input line 45.
LaTeX Font Info:    ... okay on input line 45.

*geometry* driver: auto-detecting
*geometry* detected driver: luatex
*geometry* verbose mode - [ preamble ] result:
* driver: luatex
* paper: a4paper
* layout: <same size as paper>
* layoutoffset:(h,v)=(0.0pt,0.0pt)
* modes: 
* h-part:(L,W,R)=(71.13188pt, 455.24411pt, 71.13188pt)
* v-part:(T,H,B)=(56.9055pt, 731.23584pt, 56.9055pt)
* \paperwidth=597.50787pt
* \paperheight=845.04684pt
* \textwidth=455.24411pt
* \textheight=731.23584pt
* \oddsidemargin=-1.1381pt
* \evensidemargin=-1.1381pt
* \topmargin=-52.36449pt
* \headheight=12.0pt
* \headsep=25.0pt
* \topskip=12.0pt
* \footskip=30.0pt
* \marginparwidth=35.0pt
* \marginparsep=10.0pt
* \columnsep=10.0pt
* \skip\footins=10.8pt plus 4.0pt minus 2.0pt
* \hoffset=0.0pt
* \voffset=0.0pt
* \mag=1000
* \@twocolumnfalse
* \@twosidefalse
* \@mparswitchfalse
* \@reversemarginfalse
* (1in=72.27pt=25.4mm, 1cm=28.453pt)

("C:/Program Files/MiKTeX/tex/context/base/mkii/supp-pdf.mkii"
[Loading MPS to PDF converter (version 2006.09.02).]
\scratchcounter=\count305
\scratchdimen=\dimen278
\scratchbox=\box64
\nofMPsegments=\count306
\nofMParguments=\count307
\everyMPshowfont=\toks39
\MPscratchCnt=\count308
\MPscratchDim=\dimen279
\MPnumerator=\count309
\makeMPintoPDFobject=\count310
\everyMPtoPDFconversion=\toks40
) ("C:/Program Files/MiKTeX/tex/latex/epstopdf-pkg/epstopdf-base.sty"
Package: epstopdf-base 2020-01-24 v2.11 Base part for package epstopdf
Package epstopdf-base Info: Redefining graphics rule for `.eps' on input line 48
5.
)
Package caption Info: Begin \AtBeginDocument code.
Package caption Info: subfig package v1.3 is loaded.
Package caption Info: hyperref package is loaded.
Package caption Info: End \AtBeginDocument code.
Package hyperref Info: Link coloring OFF on input line 45.

("C:/Program Files/MiKTeX/tex/latex/hyperref/nameref.sty"
Package: nameref 2019/09/16 v2.46 Cross-referencing by name of section

("C:/Program Files/MiKTeX/tex/latex/refcount/refcount.sty"
Package: refcount 2019/12/15 v3.6 Data extraction from label references (HO)
)
("C:/Program Files/MiKTeX/tex/generic/gettitlestring/gettitlestring.sty"
Package: gettitlestring 2019/12/15 v1.6 Cleanup title references (HO)
)
\c@section@level=\count311
)
LaTeX Info: Redefining \ref on input line 45.
LaTeX Info: Redefining \pageref on input line 45.
LaTeX Info: Redefining \nameref on input line 45.

(./main.out) (./main.out)
\@outlinefile=\write5

\openout5 = main.out
 ABD: EveryShipout initializing macros
<assets/cana/g1_20150817.pdf, id=26, 361.35pt x 180.675pt>
File: assets/cana/g1_20150817.pdf Graphic file (type pdf)
<use assets/cana/g1_20150817.pdf>
Package luatex.def Info: assets/cana/g1_20150817.pdf  used on input line 49.
(luatex.def)             Requested size: 223.07211pt x 111.53763pt.
<assets/cana/g2_20150817.pdf, id=27, 361.35pt x 180.675pt>
File: assets/cana/g2_20150817.pdf Graphic file (type pdf)
<use assets/cana/g2_20150817.pdf>
Package luatex.def Info: assets/cana/g2_20150817.pdf  used on input line 50.
(luatex.def)             Requested size: 223.07211pt x 111.53763pt.
<assets/cana/g3_20150817.pdf, id=28, 361.35pt x 180.675pt>
File: assets/cana/g3_20150817.pdf Graphic file (type pdf)
<use assets/cana/g3_20150817.pdf>
Package luatex.def Info: assets/cana/g3_20150817.pdf  used on input line 51.
(luatex.def)             Requested size: 223.07211pt x 111.53763pt.
<assets/cana/g4_20150817.pdf, id=29, 361.35pt x 180.675pt>
File: assets/cana/g4_20150817.pdf Graphic file (type pdf)
<use assets/cana/g4_20150817.pdf>
Package luatex.def Info: assets/cana/g4_20150817.pdf  used on input line 52.
(luatex.def)             Requested size: 223.07211pt x 111.53763pt.
<assets/cana/g5_20150817.pdf, id=30, 361.35pt x 180.675pt>
File: assets/cana/g5_20150817.pdf Graphic file (type pdf)
<use assets/cana/g5_20150817.pdf>
Package luatex.def Info: assets/cana/g5_20150817.pdf  used on input line 53.
(luatex.def)             Requested size: 223.07211pt x 111.53763pt.
<assets/cana/g1_20151019.pdf, id=31, 361.35pt x 180.675pt>
File: assets/cana/g1_20151019.pdf Graphic file (type pdf)
<use assets/cana/g1_20151019.pdf>
Package luatex.def Info: assets/cana/g1_20151019.pdf  used on input line 59.
(luatex.def)             Requested size: 223.07211pt x 111.53763pt.
<assets/cana/g2_20151019.pdf, id=32, 361.35pt x 180.675pt>
File: assets/cana/g2_20151019.pdf Graphic file (type pdf)
<use assets/cana/g2_20151019.pdf>
Package luatex.def Info: assets/cana/g2_20151019.pdf  used on input line 60.
(luatex.def)             Requested size: 223.07211pt x 111.53763pt.
<assets/cana/g3_20151019.pdf, id=33, 361.35pt x 180.675pt>
File: assets/cana/g3_20151019.pdf Graphic file (type pdf)
<use assets/cana/g3_20151019.pdf>
Package luatex.def Info: assets/cana/g3_20151019.pdf  used on input line 61.
(luatex.def)             Requested size: 223.07211pt x 111.53763pt.
<assets/cana/g4_20151019.pdf, id=34, 361.35pt x 180.675pt>
File: assets/cana/g4_20151019.pdf Graphic file (type pdf)
<use assets/cana/g4_20151019.pdf>
Package luatex.def Info: assets/cana/g4_20151019.pdf  used on input line 62.
(luatex.def)             Requested size: 223.07211pt x 111.53763pt.
<assets/cana/g5_20151019.pdf, id=35, 361.35pt x 180.675pt>
File: assets/cana/g5_20151019.pdf Graphic file (type pdf)
<use assets/cana/g5_20151019.pdf>
Package luatex.def Info: assets/cana/g5_20151019.pdf  used on input line 63.
(luatex.def)             Requested size: 223.07211pt x 111.53763pt.
 [1

{C:/Users/renan/AppData/Local/MiKTeX/pdftex/config/pdftex.map}<./assets/cana/g1_
20150817.pdf><./assets/cana/g2_20150817.pdf><./assets/cana/g3_20150817.pdf><./as
sets/cana/g4_20150817.pdf><./assets/cana/g5_20150817.pdf>]
<assets/pata/g1_20161128.pdf, id=157, 361.35pt x 193.72375pt>
File: assets/pata/g1_20161128.pdf Graphic file (type pdf)
<use assets/pata/g1_20161128.pdf>
Package luatex.def Info: assets/pata/g1_20161128.pdf  used on input line 70.
(luatex.def)             Requested size: 223.07211pt x 119.59312pt.
<assets/pata/g2_20161128.pdf, id=158, 361.35pt x 193.72375pt>
File: assets/pata/g2_20161128.pdf Graphic file (type pdf)
<use assets/pata/g2_20161128.pdf>
Package luatex.def Info: assets/pata/g2_20161128.pdf  used on input line 71.
(luatex.def)             Requested size: 223.07211pt x 119.59312pt.
<assets/pata/g3_20161128.pdf, id=159, 361.35pt x 193.72375pt>
File: assets/pata/g3_20161128.pdf Graphic file (type pdf)
<use assets/pata/g3_20161128.pdf>
Package luatex.def Info: assets/pata/g3_20161128.pdf  used on input line 72.
(luatex.def)             Requested size: 223.07211pt x 119.59312pt.
<assets/pata/g4_20161128.pdf, id=160, 361.35pt x 193.72375pt>
File: assets/pata/g4_20161128.pdf Graphic file (type pdf)
<use assets/pata/g4_20161128.pdf>
Package luatex.def Info: assets/pata/g4_20161128.pdf  used on input line 73.
(luatex.def)             Requested size: 223.07211pt x 119.59312pt.
<assets/pata/g5_20161128.pdf, id=161, 361.35pt x 193.72375pt>
File: assets/pata/g5_20161128.pdf Graphic file (type pdf)
<use assets/pata/g5_20161128.pdf>
Package luatex.def Info: assets/pata/g5_20161128.pdf  used on input line 74.
(luatex.def)             Requested size: 223.07211pt x 119.59312pt.
 [2<./assets/cana/g1_20151019.pdf><./assets/cana/g2_20151019.pdf><./assets/cana/
g3_20151019.pdf><./assets/cana/g4_20151019.pdf><./assets/cana/g5_20151019.pdf>]
<assets/myrtaceae/g1_20161130.pdf, id=279, 361.35pt x 193.72375pt>
File: assets/myrtaceae/g1_20161130.pdf Graphic file (type pdf)
<use assets/myrtaceae/g1_20161130.pdf>
Package luatex.def Info: assets/myrtaceae/g1_20161130.pdf  used on input line 81
.
(luatex.def)             Requested size: 223.07211pt x 119.59312pt.
<assets/myrtaceae/g2_20161130.pdf, id=280, 361.35pt x 193.72375pt>
File: assets/myrtaceae/g2_20161130.pdf Graphic file (type pdf)
<use assets/myrtaceae/g2_20161130.pdf>
Package luatex.def Info: assets/myrtaceae/g2_20161130.pdf  used on input line 82
.
(luatex.def)             Requested size: 223.07211pt x 119.59312pt.
<assets/myrtaceae/g3_20161130.pdf, id=281, 361.35pt x 193.72375pt>
File: assets/myrtaceae/g3_20161130.pdf Graphic file (type pdf)
<use assets/myrtaceae/g3_20161130.pdf>
Package luatex.def Info: assets/myrtaceae/g3_20161130.pdf  used on input line 83
.
(luatex.def)             Requested size: 223.07211pt x 119.59312pt.
<assets/myrtaceae/g4_20161130.pdf, id=282, 361.35pt x 193.72375pt>
File: assets/myrtaceae/g4_20161130.pdf Graphic file (type pdf)
<use assets/myrtaceae/g4_20161130.pdf>
Package luatex.def Info: assets/myrtaceae/g4_20161130.pdf  used on input line 84
.
(luatex.def)             Requested size: 223.07211pt x 119.59312pt.
<assets/myrtaceae/g5_20161130.pdf, id=283, 361.35pt x 193.72375pt>
File: assets/myrtaceae/g5_20161130.pdf Graphic file (type pdf)
<use assets/myrtaceae/g5_20161130.pdf>
Package luatex.def Info: assets/myrtaceae/g5_20161130.pdf  used on input line 85
.
(luatex.def)             Requested size: 223.07211pt x 119.59312pt.
 [3<./assets/pata/g1_20161128.pdf><./assets/pata/g2_20161128.pdf><./assets/pata/
g3_20161128.pdf><./assets/pata/g4_20161128.pdf><./assets/pata/g5_20161128.pdf>]
<assets/grumixama/g1_20131203.pdf, id=401, 361.35pt x 202.7575pt>
File: assets/grumixama/g1_20131203.pdf Graphic file (type pdf)
<use assets/grumixama/g1_20131203.pdf>
Package luatex.def Info: assets/grumixama/g1_20131203.pdf  used on input line 92
.
(luatex.def)             Requested size: 223.07211pt x 125.17001pt.
<assets/grumixama/g2_20131203.pdf, id=402, 361.35pt x 202.7575pt>
File: assets/grumixama/g2_20131203.pdf Graphic file (type pdf)
<use assets/grumixama/g2_20131203.pdf>
Package luatex.def Info: assets/grumixama/g2_20131203.pdf  used on input line 93
.
(luatex.def)             Requested size: 223.07211pt x 125.17001pt.
<assets/grumixama/g3_20131203.pdf, id=403, 361.35pt x 202.7575pt>
File: assets/grumixama/g3_20131203.pdf Graphic file (type pdf)
<use assets/grumixama/g3_20131203.pdf>
Package luatex.def Info: assets/grumixama/g3_20131203.pdf  used on input line 94
.
(luatex.def)             Requested size: 223.07211pt x 125.17001pt.
<assets/grumixama/g4_20131203.pdf, id=404, 361.35pt x 202.7575pt>
File: assets/grumixama/g4_20131203.pdf Graphic file (type pdf)
<use assets/grumixama/g4_20131203.pdf>
Package luatex.def Info: assets/grumixama/g4_20131203.pdf  used on input line 95
.
(luatex.def)             Requested size: 223.07211pt x 125.17001pt.
<assets/grumixama/g5_20131203.pdf, id=405, 361.35pt x 202.7575pt>
File: assets/grumixama/g5_20131203.pdf Graphic file (type pdf)
<use assets/grumixama/g5_20131203.pdf>
Package luatex.def Info: assets/grumixama/g5_20131203.pdf  used on input line 96
.
(luatex.def)             Requested size: 223.07211pt x 125.17001pt.
 [4<./assets/myrtaceae/g1_20161130.pdf><./assets/myrtaceae/g2_20161130.pdf><./as
sets/myrtaceae/g3_20161130.pdf><./assets/myrtaceae/g4_20161130.pdf><./assets/myr
taceae/g5_20161130.pdf>]
<assets/eucalipto/g1_20080324.pdf, id=523, 361.35pt x 193.72375pt>
File: assets/eucalipto/g1_20080324.pdf Graphic file (type pdf)
<use assets/eucalipto/g1_20080324.pdf>
Package luatex.def Info: assets/eucalipto/g1_20080324.pdf  used on input line 10
3.
(luatex.def)             Requested size: 223.07211pt x 119.59312pt.
<assets/eucalipto/g2_20080324.pdf, id=524, 361.35pt x 193.72375pt>
File: assets/eucalipto/g2_20080324.pdf Graphic file (type pdf)
<use assets/eucalipto/g2_20080324.pdf>
Package luatex.def Info: assets/eucalipto/g2_20080324.pdf  used on input line 10
4.
(luatex.def)             Requested size: 223.07211pt x 119.59312pt.
<assets/eucalipto/g3_20080324.pdf, id=525, 361.35pt x 193.72375pt>
File: assets/eucalipto/g3_20080324.pdf Graphic file (type pdf)
<use assets/eucalipto/g3_20080324.pdf>
Package luatex.def Info: assets/eucalipto/g3_20080324.pdf  used on input line 10
5.
(luatex.def)             Requested size: 223.07211pt x 119.59312pt.
<assets/eucalipto/g4_20080324.pdf, id=526, 361.35pt x 193.72375pt>
File: assets/eucalipto/g4_20080324.pdf Graphic file (type pdf)
<use assets/eucalipto/g4_20080324.pdf>
Package luatex.def Info: assets/eucalipto/g4_20080324.pdf  used on input line 10
6.
(luatex.def)             Requested size: 223.07211pt x 119.59312pt.
<assets/eucalipto/g5_20080324.pdf, id=527, 361.35pt x 193.72375pt>
File: assets/eucalipto/g5_20080324.pdf Graphic file (type pdf)
<use assets/eucalipto/g5_20080324.pdf>
Package luatex.def Info: assets/eucalipto/g5_20080324.pdf  used on input line 10
7.
(luatex.def)             Requested size: 223.07211pt x 119.59312pt.
<assets/eucalipto/g1_20080325.pdf, id=528, 361.35pt x 193.72375pt>
File: assets/eucalipto/g1_20080325.pdf Graphic file (type pdf)
<use assets/eucalipto/g1_20080325.pdf>
Package luatex.def Info: assets/eucalipto/g1_20080325.pdf  used on input line 11
3.
(luatex.def)             Requested size: 223.07211pt x 119.59312pt.
<assets/eucalipto/g2_20080325.pdf, id=529, 361.35pt x 193.72375pt>
File: assets/eucalipto/g2_20080325.pdf Graphic file (type pdf)
<use assets/eucalipto/g2_20080325.pdf>
Package luatex.def Info: assets/eucalipto/g2_20080325.pdf  used on input line 11
4.
(luatex.def)             Requested size: 223.07211pt x 119.59312pt.
<assets/eucalipto/g3_20080325.pdf, id=530, 361.35pt x 193.72375pt>
File: assets/eucalipto/g3_20080325.pdf Graphic file (type pdf)
<use assets/eucalipto/g3_20080325.pdf>
Package luatex.def Info: assets/eucalipto/g3_20080325.pdf  used on input line 11
5.
(luatex.def)             Requested size: 223.07211pt x 119.59312pt.
<assets/eucalipto/g4_20080325.pdf, id=531, 361.35pt x 193.72375pt>
File: assets/eucalipto/g4_20080325.pdf Graphic file (type pdf)
<use assets/eucalipto/g4_20080325.pdf>
Package luatex.def Info: assets/eucalipto/g4_20080325.pdf  used on input line 11
6.
(luatex.def)             Requested size: 223.07211pt x 119.59312pt.
<assets/eucalipto/g5_20080325.pdf, id=532, 361.35pt x 193.72375pt>
File: assets/eucalipto/g5_20080325.pdf Graphic file (type pdf)
<use assets/eucalipto/g5_20080325.pdf>
Package luatex.def Info: assets/eucalipto/g5_20080325.pdf  used on input line 11
7.
(luatex.def)             Requested size: 223.07211pt x 119.59312pt.

[5<./assets/grumixama/g1_20131203.pdf><./assets/grumixama/g2_20131203.pdf><./ass
ets/grumixama/g3_20131203.pdf><./assets/grumixama/g4_20131203.pdf><./assets/grum
ixama/g5_20131203.pdf>]
<assets/eucalipto/g1_20080617.pdf, id=650, 361.35pt x 193.72375pt>
File: assets/eucalipto/g1_20080617.pdf Graphic file (type pdf)
<use assets/eucalipto/g1_20080617.pdf>
Package luatex.def Info: assets/eucalipto/g1_20080617.pdf  used on input line 12
3.
(luatex.def)             Requested size: 223.07211pt x 119.59312pt.
<assets/eucalipto/g2_20080617.pdf, id=651, 361.35pt x 193.72375pt>
File: assets/eucalipto/g2_20080617.pdf Graphic file (type pdf)
<use assets/eucalipto/g2_20080617.pdf>
Package luatex.def Info: assets/eucalipto/g2_20080617.pdf  used on input line 12
4.
(luatex.def)             Requested size: 223.07211pt x 119.59312pt.
<assets/eucalipto/g3_20080617.pdf, id=652, 361.35pt x 193.72375pt>
File: assets/eucalipto/g3_20080617.pdf Graphic file (type pdf)
<use assets/eucalipto/g3_20080617.pdf>
Package luatex.def Info: assets/eucalipto/g3_20080617.pdf  used on input line 12
5.
(luatex.def)             Requested size: 223.07211pt x 119.59312pt.
<assets/eucalipto/g4_20080617.pdf, id=653, 361.35pt x 193.72375pt>
File: assets/eucalipto/g4_20080617.pdf Graphic file (type pdf)
<use assets/eucalipto/g4_20080617.pdf>
Package luatex.def Info: assets/eucalipto/g4_20080617.pdf  used on input line 12
6.
(luatex.def)             Requested size: 223.07211pt x 119.59312pt.
<assets/eucalipto/g5_20080617.pdf, id=654, 361.35pt x 193.72375pt>
File: assets/eucalipto/g5_20080617.pdf Graphic file (type pdf)
<use assets/eucalipto/g5_20080617.pdf>
Package luatex.def Info: assets/eucalipto/g5_20080617.pdf  used on input line 12
7.
(luatex.def)             Requested size: 223.07211pt x 119.59312pt.
 [6<./assets/eucalipto/g1_20080324.pdf><./assets/eucalipto/g2_20080324.pdf><./as
sets/eucalipto/g3_20080324.pdf><./assets/eucalipto/g4_20080324.pdf><./assets/euc
alipto/g5_20080324.pdf>]
<assets/eucalipto/g1_20080618.pdf, id=772, 361.35pt x 193.72375pt>
File: assets/eucalipto/g1_20080618.pdf Graphic file (type pdf)
<use assets/eucalipto/g1_20080618.pdf>
Package luatex.def Info: assets/eucalipto/g1_20080618.pdf  used on input line 13
3.
(luatex.def)             Requested size: 223.07211pt x 119.59312pt.
<assets/eucalipto/g2_20080618.pdf, id=773, 361.35pt x 193.72375pt>
File: assets/eucalipto/g2_20080618.pdf Graphic file (type pdf)
<use assets/eucalipto/g2_20080618.pdf>
Package luatex.def Info: assets/eucalipto/g2_20080618.pdf  used on input line 13
4.
(luatex.def)             Requested size: 223.07211pt x 119.59312pt.
<assets/eucalipto/g3_20080618.pdf, id=774, 361.35pt x 193.72375pt>
File: assets/eucalipto/g3_20080618.pdf Graphic file (type pdf)
<use assets/eucalipto/g3_20080618.pdf>
Package luatex.def Info: assets/eucalipto/g3_20080618.pdf  used on input line 13
5.
(luatex.def)             Requested size: 223.07211pt x 119.59312pt.
<assets/eucalipto/g4_20080618.pdf, id=775, 361.35pt x 193.72375pt>
File: assets/eucalipto/g4_20080618.pdf Graphic file (type pdf)
<use assets/eucalipto/g4_20080618.pdf>
Package luatex.def Info: assets/eucalipto/g4_20080618.pdf  used on input line 13
6.
(luatex.def)             Requested size: 223.07211pt x 119.59312pt.
<assets/eucalipto/g5_20080618.pdf, id=776, 361.35pt x 193.72375pt>
File: assets/eucalipto/g5_20080618.pdf Graphic file (type pdf)
<use assets/eucalipto/g5_20080618.pdf>
Package luatex.def Info: assets/eucalipto/g5_20080618.pdf  used on input line 13
7.
(luatex.def)             Requested size: 223.07211pt x 119.59312pt.
 [7<./assets/eucalipto/g1_20080325.pdf><./assets/eucalipto/g2_20080325.pdf><./as
sets/eucalipto/g3_20080325.pdf><./assets/eucalipto/g4_20080325.pdf><./assets/euc
alipto/g5_20080325.pdf>]
[8<./assets/eucalipto/g1_20080617.pdf><./assets/eucalipto/g2_20080617.pdf><./ass
ets/eucalipto/g3_20080617.pdf><./assets/eucalipto/g4_20080617.pdf><./assets/euca
lipto/g5_20080617.pdf>] [9<./assets/eucalipto/g1_20080618.pdf><./assets/eucalipt
o/g2_20080618.pdf><./assets/eucalipto/g3_20080618.pdf><./assets/eucalipto/g4_200
80618.pdf><./assets/eucalipto/g5_20080618.pdf>]
Package atveryend Info: Empty hook `BeforeClearDocument' on input line 141.
Package atveryend Info: Executing hook `AfterLastShipout' on input line 141.
 (./main.xwm) (./main.aux)
Package atveryend Info: Executing hook `AtVeryEndDocument' on input line 141.
Package atveryend Info: Executing hook `AtEndAfterFileList' on input line 141.


Package rerunfilecheck Warning: File `main.out' has changed.
(rerunfilecheck)                Rerun to get outlines right
(rerunfilecheck)                or use package `bookmark'.

Package rerunfilecheck Info: Checksums for `main.out':
(rerunfilecheck)             Before: 0CF5B1DE6E33116BD39132DD72A84DB9;253
(rerunfilecheck)             After:  CAB98697AF665EC80D3E4295DF1C3E8E;598.

LaTeX Warning: There were multiply-defined labels.

Package atveryend Info: Empty hook `AtVeryVeryEnd' on input line 141.
)

Here is how much of LuaTeX's memory you used:
 29569 strings out of 480878
 100000,953878 words of node,token memory allocated
 558 words of node memory still in use:
   7 hlist, 2 vlist, 2 rule, 5 glue, 4 kern, 1 glyph, 12 attribute, 57 glue_spec
, 8 attribute_list, 2 write nodes
   avail lists: 2:1303,3:242,4:17,5:74,6:50,7:715,8:21,9:413,10:5,11:41
 45999 multiletter control sequences out of 65536+200000
 29 fonts using 3589427 bytes
 58i,10n,80p,384b,545s stack positions out of 5000i,500n,10000p,200000b,50000s
{C:/Program Files/MiKTeX/fonts/enc/dvips/lm/lm-ec.enc}<C:/Program Files/MiKTeX/f
onts/type1/public/lm/lmbx12.pfb><C:/Program Files/MiKTeX/fonts/type1/public/lm/l
mr10.pfb><C:/Program Files/MiKTeX/fonts/type1/public/lm/lmr12.pfb>
Output written on main.pdf (9 pages, 1409744 bytes).

PDF statistics: 1145 PDF objects out of 1200 (max. 8388607)
 69 named destinations out of 1000 (max. 131072)
 56 words of extra memory for PDF output out of 10000 (max. 100000000)

